TN:
SF:/home/quan/QuanNTA1_MockProject/src/controller/AppController.cpp
FN:23,_ZN10Controller13AppControllerC2ESt10shared_ptrINS_12IAudioPlayerEES1_INS_14ISerialManagerEES1_IN5Model12IPlayerStateEE
FN:51,_ZZN10Controller13AppControllerC4ESt10shared_ptrINS_12IAudioPlayerEES1_INS_14ISerialManagerEES1_IN5Model12IPlayerStateEEENKUlvE_clEv
FN:56,_ZN10Controller13AppControllerD0Ev
FN:56,_ZN10Controller13AppControllerD2Ev
FN:64,_ZN10Controller13AppController17notifyStateChangeENS_8AppStateE
FN:82,_ZN10Controller13AppController20onSerialStateChangedENS_11SerialStateE
FN:93,_ZN10Controller13AppController19onAudioStateChangedENS_10AudioStateEj
FN:123,_ZN10Controller13AppController20onBoardEventReceivedENS_10BoardEventEi
FN:148,_ZN10Controller13AppController20onSerialDataReceivedERKNSt7__cxx1112basic_stringIcSt11char_traitsIcESaIcEEE
FN:158,_ZN10Controller13AppController10initializeEv
FN:169,_ZZN10Controller13AppController10initializeEvENKUlNS_10AudioStateEjE_clES1_j
FN:175,_ZZN10Controller13AppController10initializeEvENKUlRKNSt7__cxx1112basic_stringIcSt11char_traitsIcESaIcEEEE0_clES8_
FN:178,_ZZN10Controller13AppController10initializeEvENKUlNS_11SerialStateEE1_clES1_
FN:184,_ZZN10Controller13AppController10initializeEvENKUlNS_10BoardEventEiE2_clES1_i
FN:196,_ZN10Controller13AppController8shutdownEv
FN:220,_ZNK10Controller13AppController8getStateEv
FN:224,_ZN10Controller13AppController16setStateCallbackESt8functionIFvNS_8AppStateEEE
FN:233,_ZN10Controller13AppController14connectToBoardERKNSt7__cxx1112basic_stringIcSt11char_traitsIcESaIcEEEj
FN:237,_ZN10Controller13AppController19disconnectFromBoardEv
FN:241,_ZNK10Controller13AppController18isConnectedToBoardEv
FN:245,_ZNK10Controller13AppController17getAvailablePortsB5cxx11Ev
FN:253,_ZN10Controller13AppController9loadTrackERKNSt7__cxx1112basic_stringIcSt11char_traitsIcESaIcEEE
FN:257,_ZN10Controller13AppController4playEv
FN:261,_ZN10Controller13AppController5pauseEv
FN:265,_ZN10Controller13AppController4stopEv
FN:269,_ZN10Controller13AppController4nextEv
FN:273,_ZN10Controller13AppController8previousEv
FN:277,_ZN10Controller13AppController9playTrackEi
FN:281,_ZN10Controller13AppController12playPlaylistERKSt6vectorINSt7__cxx1112basic_stringIcSt11char_traitsIcESaIcEEESaIS7_EE
FN:285,_ZN10Controller13AppController11playLibraryEi
FN:289,_ZN10Controller13AppController12replaceQueueERKSt6vectorINSt7__cxx1112basic_stringIcSt11char_traitsIcESaIcEEESaIS7_EE
FN:293,_ZN10Controller13AppController13queuePlaylistERKSt6vectorINSt7__cxx1112basic_stringIcSt11char_traitsIcESaIcEEESaIS7_EE
FN:297,_ZN10Controller13AppController9queueNextERKNSt7__cxx1112basic_stringIcSt11char_traitsIcESaIcEEE
FN:301,_ZN10Controller13AppController4seekEj
FN:309,_ZN10Controller13AppController9setVolumeEi
FN:314,_ZNK10Controller13AppController9getVolumeEv
FN:318,_ZN10Controller13AppController10toggleMuteEv
FN:323,_ZN10Controller13AppController13toggleShuffleEv
FN:327,_ZN10Controller13AppController12toggleRepeatEv
FN:335,_ZN10Controller13AppController13addToPlaylistERKNSt7__cxx1112basic_stringIcSt11char_traitsIcESaIcEEE
FN:348,_ZN10Controller13AppController13clearPlaylistEv
FN:356,_ZNK10Controller13AppController15getPlaylistSizeEv
FN:360,_ZN10Controller13AppController13loadDirectoryERKNSt7__cxx1112basic_stringIcSt11char_traitsIcESaIcEEE
FN:377,_ZN10Controller13AppController18loadDirectoryAsyncERKNSt7__cxx1112basic_stringIcSt11char_traitsIcESaIcEEEm
FN:381,_ZN10Controller13AppController23setLoadProgressCallbackESt8functionIFvmmEE
FN:385,_ZNK10Controller13AppController12getTrackNameB5cxx11Em
FN:389,_ZNK10Controller13AppController12getTrackPathB5cxx11Em
FN:393,_ZNK10Controller13AppController14getTrackArtistB5cxx11Em
FN:397,_ZNK10Controller13AppController13getTrackAlbumB5cxx11Em
FN:401,_ZNK10Controller13AppController16getTrackDurationEm
FN:405,_ZNK10Controller13AppController16getTrackCoverArtEm
FN:409,_ZN10Controller13AppController16acquireMediaFileERKNSt7__cxx1112basic_stringIcSt11char_traitsIcESaIcEEE
FN:414,_ZNK10Controller13AppController14getLibrarySizeEv
FN:417,_ZNK10Controller13AppController19getLibraryTrackNameB5cxx11Em
FN:420,_ZNK10Controller13AppController19getLibraryTrackPathB5cxx11Em
FN:423,_ZNK10Controller13AppController21getLibraryTrackArtistB5cxx11Em
FN:426,_ZNK10Controller13AppController20getLibraryTrackAlbumB5cxx11Em
FN:429,_ZNK10Controller13AppController23getLibraryTrackCoverArtEm
FN:439,_ZNK10Controller13AppController10getHistoryEv
FN:443,_ZNK10Controller13AppController14getHistoryItemEm
FN:447,_ZNK10Controller13AppController14getHistorySizeEv
FN:451,_ZNK10Controller13AppController19getHistoryTrackNameB5cxx11Em
FN:456,_ZNK10Controller13AppController21getHistoryTrackArtistB5cxx11Em
FN:461,_ZNK10Controller13AppController20getHistoryTrackAlbumB5cxx11Em
FN:466,_ZNK10Controller13AppController19getHistoryTrackPathB5cxx11Em
FN:470,_ZNK10Controller13AppController23getHistoryTrackCoverArtEm
FN:475,_ZN10Controller13AppController16playHistoryTrackEm
FN:482,_ZN10Controller13AppController26setPlaylistUpdatedCallbackESt8functionIFvvEE
FN:492,_ZN10Controller13AppController21notifyPlaylistUpdatedEv
FN:500,_ZN10Controller13AppController17getStorageDevicesEv
FN:507,_ZN10Controller13AppController15loadFromStorageERKNSt7__cxx1112basic_stringIcSt11char_traitsIcESaIcEEE
FN:533,_ZZN10Controller13AppController15loadFromStorageERKNSt7__cxx1112basic_stringIcSt11char_traitsIcESaIcEEEENKUlvE_clEv
FN:593,_ZNK10Controller13AppController18getLoadingProgressEv
FNDA:1,_ZN10Controller13AppController12replaceQueueERKSt6vectorINSt7__cxx1112basic_stringIcSt11char_traitsIcESaIcEEESaIS7_EE
FNDA:1,_ZNK10Controller13AppController20getLibraryTrackAlbumB5cxx11Em
FNDA:1,_ZN10Controller13AppController9queueNextERKNSt7__cxx1112basic_stringIcSt11char_traitsIcESaIcEEE
FNDA:1,_ZN10Controller13AppController4seekEj
FNDA:86,_ZN10Controller13AppController8shutdownEv
FNDA:1,_ZN10Controller13AppController11playLibraryEi
FNDA:2,_ZNK10Controller13AppController18isConnectedToBoardEv
FNDA:85,_ZN10Controller13AppController10initializeEv
FNDA:1,_ZNK10Controller13AppController19getHistoryTrackPathB5cxx11Em
FNDA:1,_ZNK10Controller13AppController21getLibraryTrackArtistB5cxx11Em
FNDA:103,_ZN10Controller13AppController20onSerialStateChangedENS_11SerialStateE
FNDA:44,_ZN10Controller13AppController13addToPlaylistERKNSt7__cxx1112basic_stringIcSt11char_traitsIcESaIcEEE
FNDA:1,_ZNK10Controller13AppController20getHistoryTrackAlbumB5cxx11Em
FNDA:5,_ZNK10Controller13AppController15getPlaylistSizeEv
FNDA:65,_ZN10Controller13AppController19onAudioStateChangedENS_10AudioStateEj
FNDA:1,_ZNK10Controller13AppController12getTrackNameB5cxx11Em
FNDA:3,_ZNK10Controller13AppController9getVolumeEv
FNDA:1,_ZNK10Controller13AppController17getAvailablePortsB5cxx11Ev
FNDA:3,_ZNK10Controller13AppController14getHistorySizeEv
FNDA:3,_ZN10Controller13AppController13loadDirectoryERKNSt7__cxx1112basic_stringIcSt11char_traitsIcESaIcEEE
FNDA:1,_ZN10Controller13AppController13toggleShuffleEv
FNDA:1,_ZNK10Controller13AppController16getTrackDurationEm
FNDA:2,_ZN10Controller13AppController8previousEv
FNDA:4,_ZN10Controller13AppController4nextEv
FNDA:14,_ZN10Controller13AppController9playTrackEi
FNDA:1,_ZNK10Controller13AppController19getLibraryTrackNameB5cxx11Em
FNDA:1,_ZNK10Controller13AppController14getLibrarySizeEv
FNDA:16,_ZN10Controller13AppController14connectToBoardERKNSt7__cxx1112basic_stringIcSt11char_traitsIcESaIcEEEj
FNDA:2,_ZN10Controller13AppController13clearPlaylistEv
FNDA:2,_ZN10Controller13AppController16playHistoryTrackEm
FNDA:0,_ZZN10Controller13AppController15loadFromStorageERKNSt7__cxx1112basic_stringIcSt11char_traitsIcESaIcEEEENKUlvE_clEv
FNDA:12,_ZNK10Controller13AppController8getStateEv
FNDA:9,_ZZN10Controller13AppController10initializeEvENKUlRKNSt7__cxx1112basic_stringIcSt11char_traitsIcESaIcEEEE0_clES8_
FNDA:1,_ZNK10Controller13AppController21getHistoryTrackArtistB5cxx11Em
FNDA:0,_ZN10Controller13AppController15loadFromStorageERKNSt7__cxx1112basic_stringIcSt11char_traitsIcESaIcEEE
FNDA:8,_ZN10Controller13AppController4playEv
FNDA:103,_ZZN10Controller13AppController10initializeEvENKUlNS_11SerialStateEE1_clES1_
FNDA:11,_ZN10Controller13AppController9loadTrackERKNSt7__cxx1112basic_stringIcSt11char_traitsIcESaIcEEE
FNDA:2,_ZN10Controller13AppController4stopEv
FNDA:2,_ZN10Controller13AppController5pauseEv
FNDA:1,_ZNK10Controller13AppController19getLibraryTrackPathB5cxx11Em
FNDA:38,_ZZN10Controller13AppControllerC4ESt10shared_ptrINS_12IAudioPlayerEES1_INS_14ISerialManagerEES1_IN5Model12IPlayerStateEEENKUlvE_clEv
FNDA:3,_ZN10Controller13AppController16setStateCallbackESt8functionIFvNS_8AppStateEEE
FNDA:1,_ZNK10Controller13AppController14getHistoryItemEm
FNDA:65,_ZZN10Controller13AppController10initializeEvENKUlNS_10AudioStateEjE_clES1_j
FNDA:2,_ZN10Controller13AppController26setPlaylistUpdatedCallbackESt8functionIFvvEE
FNDA:2,_ZN10Controller13AppController12playPlaylistERKSt6vectorINSt7__cxx1112basic_stringIcSt11char_traitsIcESaIcEEESaIS7_EE
FNDA:1,_ZNK10Controller13AppController12getTrackPathB5cxx11Em
FNDA:1,_ZNK10Controller13AppController19getHistoryTrackNameB5cxx11Em
FNDA:1,_ZNK10Controller13AppController13getTrackAlbumB5cxx11Em
FNDA:8,_ZN10Controller13AppController20onBoardEventReceivedENS_10BoardEventEi
FNDA:1,_ZNK10Controller13AppController23getHistoryTrackCoverArtEm
FNDA:1,_ZN10Controller13AppController18loadDirectoryAsyncERKNSt7__cxx1112basic_stringIcSt11char_traitsIcESaIcEEEm
FNDA:7,_ZN10Controller13AppController9setVolumeEi
FNDA:2,_ZN10Controller13AppController10toggleMuteEv
FNDA:1,_ZNK10Controller13AppController14getTrackArtistB5cxx11Em
FNDA:8,_ZZN10Controller13AppController10initializeEvENKUlNS_10BoardEventEiE2_clES1_i
FNDA:115,_ZN10Controller13AppController17notifyStateChangeENS_8AppStateE
FNDA:1,_ZN10Controller13AppController23setLoadProgressCallbackESt8functionIFvmmEE
FNDA:9,_ZN10Controller13AppController20onSerialDataReceivedERKNSt7__cxx1112basic_stringIcSt11char_traitsIcESaIcEEE
FNDA:0,_ZN10Controller13AppController17getStorageDevicesEv
FNDA:7,_ZN10Controller13AppController16acquireMediaFileERKNSt7__cxx1112basic_stringIcSt11char_traitsIcESaIcEEE
FNDA:84,_ZN10Controller13AppControllerD0Ev
FNDA:0,_ZNK10Controller13AppController18getLoadingProgressEv
FNDA:84,_ZN10Controller13AppControllerC2ESt10shared_ptrINS_12IAudioPlayerEES1_INS_14ISerialManagerEES1_IN5Model12IPlayerStateEE
FNDA:1,_ZN10Controller13AppController13queuePlaylistERKSt6vectorINSt7__cxx1112basic_stringIcSt11char_traitsIcESaIcEEESaIS7_EE
FNDA:1,_ZNK10Controller13AppController23getLibraryTrackCoverArtEm
FNDA:87,_ZN10Controller13AppController19disconnectFromBoardEv
FNDA:84,_ZN10Controller13AppControllerD2Ev
FNDA:1,_ZN10Controller13AppController12toggleRepeatEv
FNDA:3,_ZN10Controller13AppController21notifyPlaylistUpdatedEv
FNDA:1,_ZNK10Controller13AppController16getTrackCoverArtEm
FNDA:4,_ZNK10Controller13AppController10getHistoryEv
FNF:73
FNH:69
BRDA:35,0,0,84
BRDA:35,0,1,0
BRDA:36,0,0,84
BRDA:36,0,1,0
BRDA:37,0,0,84
BRDA:37,0,1,0
BRDA:38,0,0,84
BRDA:38,0,1,0
BRDA:39,0,0,84
BRDA:39,0,1,0
BRDA:41,0,0,84
BRDA:41,0,1,0
BRDA:46,0,0,84
BRDA:46,0,1,0
BRDA:46,0,2,84
BRDA:46,0,3,0
BRDA:47,0,0,84
BRDA:47,0,1,0
BRDA:51,0,0,84
BRDA:51,0,1,0
BRDA:69,0,0,115
BRDA:69,0,1,0
BRDA:70,0,0,115
BRDA:70,0,1,0
BRDA:72,0,0,2
BRDA:72,0,1,113
BRDA:73,0,0,2
BRDA:73,0,1,0
BRDA:83,0,0,16
BRDA:83,0,1,87
BRDA:86,0,0,1
BRDA:86,0,1,86
BRDA:86,0,2,1
BRDA:86,0,3,0
BRDA:87,0,0,16
BRDA:87,0,1,71
BRDA:96,0,0,65
BRDA:96,0,1,0
BRDA:97,0,0,26
BRDA:97,0,1,2
BRDA:97,0,2,36
BRDA:97,0,3,1
BRDA:97,0,4,0
BRDA:124,0,0,1
BRDA:124,0,1,1
BRDA:124,0,2,1
BRDA:124,0,3,1
BRDA:124,0,4,1
BRDA:124,0,5,3
BRDA:124,0,6,0
BRDA:159,0,0,2
BRDA:159,0,1,83
BRDA:163,0,0,83
BRDA:163,0,1,0
BRDA:164,0,0,1
BRDA:164,0,1,82
BRDA:169,0,0,82
BRDA:169,0,1,0
BRDA:174,0,0,82
BRDA:174,0,1,0
BRDA:175,0,0,82
BRDA:175,0,1,0
BRDA:178,0,0,82
BRDA:178,0,1,0
BRDA:184,0,0,82
BRDA:184,0,1,0
BRDA:188,0,0,82
BRDA:188,0,1,0
BRDA:188,0,2,82
BRDA:188,0,3,0
BRDA:188,0,4,82
BRDA:188,0,5,0
BRDA:199,0,0,0
BRDA:199,0,1,86
BRDA:205,0,0,86
BRDA:205,0,1,0
BRDA:213,0,0,86
BRDA:213,0,1,0
BRDA:225,0,0,3
BRDA:225,0,1,0
BRDA:226,0,0,3
BRDA:226,0,1,0
BRDA:339,0,0,30
BRDA:339,0,1,14
BRDA:342,0,0,30
BRDA:342,0,1,0
BRDA:351,0,0,2
BRDA:351,0,1,0
BRDA:364,0,0,2
BRDA:364,0,1,1
BRDA:364,0,2,1
BRDA:364,0,3,1
BRDA:364,0,4,1
BRDA:364,0,5,2
BRDA:366,0,0,0
BRDA:366,0,1,1
BRDA:368,0,0,-
BRDA:368,0,1,-
BRDA:382,0,0,1
BRDA:382,0,1,0
BRDA:452,0,0,1
BRDA:452,0,1,0
BRDA:453,0,0,0
BRDA:453,0,1,1
BRDA:453,0,2,0
BRDA:453,0,3,0
BRDA:453,0,4,1
BRDA:453,0,5,0
BRDA:453,0,6,1
BRDA:453,0,7,0
BRDA:453,0,8,0
BRDA:453,0,9,0
BRDA:457,0,0,1
BRDA:457,0,1,0
BRDA:458,0,0,0
BRDA:458,0,1,1
BRDA:458,0,2,0
BRDA:458,0,3,0
BRDA:458,0,4,1
BRDA:458,0,5,0
BRDA:458,0,6,1
BRDA:458,0,7,0
BRDA:458,0,8,0
BRDA:458,0,9,0
BRDA:462,0,0,1
BRDA:462,0,1,0
BRDA:463,0,0,0
BRDA:463,0,1,1
BRDA:463,0,2,0
BRDA:463,0,3,0
BRDA:463,0,4,1
BRDA:463,0,5,0
BRDA:463,0,6,1
BRDA:463,0,7,0
BRDA:463,0,8,0
BRDA:463,0,9,0
BRDA:471,0,0,1
BRDA:471,0,1,0
BRDA:472,0,0,0
BRDA:472,0,1,1
BRDA:472,0,2,0
BRDA:472,0,3,0
BRDA:472,0,4,0
BRDA:472,0,5,0
BRDA:476,0,0,2
BRDA:476,0,1,0
BRDA:477,0,0,1
BRDA:477,0,1,1
BRDA:477,0,2,1
BRDA:477,0,3,0
BRDA:477,0,4,1
BRDA:477,0,5,0
BRDA:477,0,6,1
BRDA:477,0,7,1
BRDA:477,0,8,1
BRDA:477,0,9,1
BRDA:477,0,10,0
BRDA:477,0,11,0
BRDA:478,0,0,1
BRDA:478,0,1,0
BRDA:478,0,2,1
BRDA:478,0,3,0
BRDA:478,0,4,1
BRDA:478,0,5,0
BRDA:478,0,6,1
BRDA:478,0,7,1
BRDA:478,0,8,0
BRDA:478,0,9,0
BRDA:484,0,0,2
BRDA:484,0,1,0
BRDA:501,0,0,-
BRDA:501,0,1,-
BRDA:509,0,0,-
BRDA:509,0,1,-
BRDA:516,0,0,-
BRDA:516,0,1,-
BRDA:517,0,0,-
BRDA:517,0,1,-
BRDA:517,0,2,-
BRDA:517,0,3,-
BRDA:518,0,0,-
BRDA:518,0,1,-
BRDA:518,0,2,-
BRDA:518,0,3,-
BRDA:518,0,4,-
BRDA:518,0,5,-
BRDA:518,0,6,-
BRDA:518,0,7,-
BRDA:522,0,0,-
BRDA:522,0,1,-
BRDA:523,0,0,-
BRDA:523,0,1,-
BRDA:526,0,0,-
BRDA:526,0,1,-
BRDA:533,0,0,-
BRDA:533,0,1,-
BRDA:546,0,0,-
BRDA:546,0,1,-
BRDA:546,0,2,-
BRDA:546,0,3,-
BRDA:546,0,4,-
BRDA:546,0,5,-
BRDA:546,0,6,-
BRDA:546,0,7,-
BRDA:547,0,0,-
BRDA:547,0,1,-
BRDA:547,0,2,-
BRDA:547,0,3,-
BRDA:548,0,0,-
BRDA:548,0,1,-
BRDA:548,0,2,-
BRDA:548,0,3,-
BRDA:550,0,0,-
BRDA:550,0,1,-
BRDA:550,0,2,-
BRDA:550,0,3,-
BRDA:550,0,4,-
BRDA:550,0,5,-
BRDA:550,0,6,-
BRDA:550,0,7,-
BRDA:550,0,8,-
BRDA:550,0,9,-
BRDA:551,0,0,-
BRDA:551,0,1,-
BRDA:551,0,2,-
BRDA:551,0,3,-
BRDA:555,0,0,0
BRDA:555,0,1,0
BRDA:556,0,0,0
BRDA:556,0,1,0
BRDA:556,0,2,0
BRDA:556,0,3,0
BRDA:556,0,4,0
BRDA:556,0,5,0
BRDA:560,0,0,-
BRDA:560,0,1,-
BRDA:560,0,2,-
BRDA:560,0,3,-
BRDA:560,0,4,-
BRDA:560,0,5,-
BRDA:560,0,6,-
BRDA:560,0,7,-
BRDA:563,0,0,-
BRDA:563,0,1,-
BRDA:565,0,0,-
BRDA:565,0,1,-
BRDA:570,0,0,-
BRDA:570,0,1,-
BRDA:576,0,0,-
BRDA:576,0,1,-
BRDA:580,0,0,-
BRDA:580,0,1,-
BRDA:584,0,0,-
BRDA:584,0,1,-
BRDA:584,0,2,-
BRDA:584,0,3,-
BRDA:584,0,4,-
BRDA:584,0,5,-
BRDA:584,0,6,-
BRDA:584,0,7,-
BRDA:594,0,0,-
BRDA:594,0,1,-
BRF:262
BRH:92
DA:23,84
DA:27,84
DA:28,84
DA:29,84
DA:30,84
DA:31,84
DA:32,252
DA:35,84
DA:36,84
DA:37,84
DA:38,84
DA:39,84
DA:40,84
DA:41,84
DA:42,84
DA:45,84
DA:46,84
DA:47,84
DA:51,84
DA:52,38
DA:54,84
DA:56,168
DA:57,84
DA:58,168
DA:64,115
DA:65,115
DA:67,115
DA:69,115
DA:70,115
DA:71,115
DA:72,115
DA:73,2
DA:75,115
DA:82,103
DA:83,103
DA:84,16
DA:85,16
DA:86,87
DA:87,87
DA:88,16
DA:91,103
DA:93,65
DA:96,65
DA:97,65
DA:98,26
DA:99,26
DA:100,26
DA:101,2
DA:102,2
DA:103,2
DA:104,36
DA:107,36
DA:108,36
DA:109,1
DA:110,1
DA:111,1
DA:112,1
DA:116,65
DA:117,65
DA:123,8
DA:124,8
DA:125,1
DA:126,1
DA:127,1
DA:128,1
DA:129,1
DA:130,1
DA:131,1
DA:132,1
DA:133,1
DA:134,1
DA:135,1
DA:136,1
DA:137,1
DA:138,1
DA:139,1
DA:140,3
DA:141,3
DA:142,3
DA:143,0
DA:144,0
DA:146,8
DA:148,9
DA:151,9
DA:152,9
DA:158,85
DA:159,85
DA:160,2
DA:163,83
DA:164,83
DA:165,1
DA:166,1
DA:169,82
DA:170,65
DA:171,65
DA:174,82
DA:175,82
DA:176,9
DA:177,9
DA:178,82
DA:179,103
DA:180,103
DA:184,82
DA:185,8
DA:186,8
DA:188,82
DA:189,82
DA:192,82
DA:193,82
DA:196,86
DA:198,86
DA:199,86
DA:200,0
DA:203,86
DA:205,86
DA:206,86
DA:209,86
DA:210,86
DA:213,86
DA:214,86
DA:215,86
DA:217,86
DA:218,86
DA:220,12
DA:221,12
DA:224,3
DA:225,3
DA:226,3
DA:227,3
DA:233,16
DA:234,16
DA:237,87
DA:238,87
DA:239,87
DA:241,2
DA:242,2
DA:245,1
DA:246,1
DA:253,11
DA:254,11
DA:257,8
DA:258,8
DA:259,8
DA:261,2
DA:262,2
DA:263,2
DA:265,2
DA:266,2
DA:267,2
DA:269,4
DA:270,4
DA:271,4
DA:273,2
DA:274,2
DA:275,2
DA:277,14
DA:278,14
DA:279,14
DA:281,2
DA:282,2
DA:283,2
DA:285,1
DA:286,1
DA:287,1
DA:289,1
DA:290,1
DA:291,1
DA:293,1
DA:294,1
DA:295,1
DA:297,1
DA:298,1
DA:299,1
DA:301,1
DA:302,1
DA:303,1
DA:309,7
DA:310,7
DA:311,7
DA:312,7
DA:314,3
DA:315,3
DA:318,2
DA:319,2
DA:320,2
DA:321,2
DA:323,1
DA:324,1
DA:325,1
DA:327,1
DA:328,1
DA:329,1
DA:335,44
DA:336,44
DA:339,44
DA:340,30
DA:341,30
DA:342,30
DA:343,30
DA:346,44
DA:348,2
DA:349,2
DA:350,2
DA:351,2
DA:352,2
DA:354,2
DA:356,5
DA:357,5
DA:360,3
DA:361,3
DA:364,3
DA:365,1
DA:366,1
DA:367,0
DA:368,0
DA:369,0
DA:374,3
DA:377,1
DA:378,1
DA:379,1
DA:381,1
DA:382,1
DA:383,1
DA:385,1
DA:386,1
DA:389,1
DA:390,1
DA:393,1
DA:394,1
DA:397,1
DA:398,1
DA:401,1
DA:402,1
DA:405,1
DA:406,1
DA:409,7
DA:410,7
DA:414,1
DA:415,1
DA:417,1
DA:418,1
DA:420,1
DA:421,1
DA:423,1
DA:424,1
DA:426,1
DA:427,1
DA:429,1
DA:430,1
DA:439,4
DA:440,4
DA:443,1
DA:444,1
DA:447,3
DA:448,3
DA:451,1
DA:452,1
DA:453,2
DA:454,1
DA:456,1
DA:457,1
DA:458,2
DA:459,1
DA:461,1
DA:462,1
DA:463,2
DA:464,1
DA:466,1
DA:467,1
DA:470,1
DA:471,1
DA:472,2
DA:473,1
DA:475,2
DA:476,2
DA:477,2
DA:478,2
DA:480,2
DA:482,2
DA:484,2
DA:490,2
DA:492,3
DA:493,3
DA:494,3
DA:500,0
DA:501,0
DA:502,0
DA:504,0
DA:507,0
DA:509,0
DA:510,0
DA:511,0
DA:516,0
DA:517,0
DA:518,0
DA:519,0
DA:522,0
DA:523,0
DA:526,0
DA:527,0
DA:530,0
DA:533,0
DA:534,0
DA:535,0
DA:536,0
DA:539,0
DA:540,0
DA:542,0
DA:546,0
DA:547,0
DA:548,0
DA:549,0
DA:550,0
DA:551,0
DA:553,0
DA:554,0
DA:555,0
DA:556,0
DA:557,0
DA:559,0
DA:560,0
DA:563,0
DA:565,0
DA:566,0
DA:570,0
DA:571,0
DA:572,0
DA:573,0
DA:576,0
DA:578,0
DA:580,0
DA:584,0
DA:585,0
DA:586,0
DA:590,0
DA:593,0
DA:594,0
DA:595,0
DA:597,0
LF:339
LH:278
end_of_record
TN:
SF:/home/quan/QuanNTA1_MockProject/src/controller/AudioPlayer.cpp
FN:17,_ZN10Controller11AudioPlayerC2Ev
FN:24,_ZN10Controller11AudioPlayerD2Ev
FN:24,_ZN10Controller11AudioPlayerD0Ev
FN:32,_ZN10Controller11AudioPlayer10initializeEv
FN:36,_ZN10Controller11AudioPlayer8shutdownEv
FN:53,_ZNK10Controller11AudioPlayer8getStateEv
FN:57,_ZN10Controller11AudioPlayer11setCallbackESt8functionIFvNS_10AudioStateEjEE
FN:65,_ZN10Controller11AudioPlayer4loadERKNSt7__cxx1112basic_stringIcSt11char_traitsIcESaIcEEE
FN:75,_ZN10Controller11AudioPlayer6unloadEv
FN:80,_ZNK10Controller11AudioPlayer8isLoadedEv
FN:88,_ZN10Controller11AudioPlayer4playEv
FN:92,_ZN10Controller11AudioPlayer5pauseEv
FN:96,_ZN10Controller11AudioPlayer4stopEv
FN:100,_ZN10Controller11AudioPlayer4seekEj
FN:104,_ZNK10Controller11AudioPlayer9isPlayingEv
FN:108,_ZNK10Controller11AudioPlayer11getPositionEv
FN:112,_ZNK10Controller11AudioPlayer11getDurationEv
FN:116,_ZN10Controller11AudioPlayer19setFinishedCallbackESt8functionIFvvEE
FN:124,_ZN10Controller11AudioPlayer9setVolumeEi
FN:128,_ZNK10Controller11AudioPlayer9getVolumeEv
FNDA:0,_ZN10Controller11AudioPlayerD0Ev
FNDA:0,_ZN10Controller11AudioPlayer19setFinishedCallbackESt8functionIFvvEE
FNDA:1,_ZN10Controller11AudioPlayer4stopEv
FNDA:1,_ZN10Controller11AudioPlayer4playEv
FNDA:7,_ZNK10Controller11AudioPlayer8getStateEv
FNDA:15,_ZN10Controller11AudioPlayerC2Ev
FNDA:15,_ZN10Controller11AudioPlayerD2Ev
FNDA:1,_ZN10Controller11AudioPlayer5pauseEv
FNDA:4,_ZNK10Controller11AudioPlayer9getVolumeEv
FNDA:1,_ZNK10Controller11AudioPlayer11getDurationEv
FNDA:1,_ZNK10Controller11AudioPlayer11getPositionEv
FNDA:1,_ZNK10Controller11AudioPlayer9isPlayingEv
FNDA:24,_ZN10Controller11AudioPlayer8shutdownEv
FNDA:1,_ZN10Controller11AudioPlayer4seekEj
FNDA:1,_ZN10Controller11AudioPlayer6unloadEv
FNDA:9,_ZN10Controller11AudioPlayer10initializeEv
FNDA:4,_ZN10Controller11AudioPlayer9setVolumeEi
FNDA:4,_ZNK10Controller11AudioPlayer8isLoadedEv
FNDA:6,_ZN10Controller11AudioPlayer4loadERKNSt7__cxx1112basic_stringIcSt11char_traitsIcESaIcEEE
FNDA:1,_ZN10Controller11AudioPlayer11setCallbackESt8functionIFvNS_10AudioStateEjEE
FNF:20
FNH:18
BRDA:18,0,0,15
BRDA:18,0,1,0
BRDA:19,0,0,15
BRDA:19,0,1,0
BRDA:20,0,0,15
BRDA:20,0,1,0
BRDA:21,0,0,15
BRDA:21,0,1,0
BRDA:38,0,0,24
BRDA:38,0,1,0
BRDA:43,0,0,24
BRDA:43,0,1,0
BRDA:48,0,0,24
BRDA:48,0,1,0
BRDA:58,0,0,1
BRDA:58,0,1,0
BRDA:69,0,0,6
BRDA:69,0,1,0
BRDA:117,0,0,-
BRDA:117,0,1,-
BRF:20
BRH:9
DA:17,15
DA:18,15
DA:19,15
DA:20,15
DA:21,15
DA:22,15
DA:24,15
DA:25,15
DA:26,15
DA:32,9
DA:33,9
DA:36,24
DA:38,24
DA:39,24
DA:43,24
DA:44,24
DA:48,24
DA:49,24
DA:51,24
DA:53,7
DA:54,7
DA:57,1
DA:58,1
DA:59,1
DA:65,6
DA:69,6
DA:70,6
DA:72,6
DA:75,1
DA:76,1
DA:77,1
DA:78,1
DA:80,4
DA:81,4
DA:88,1
DA:89,1
DA:90,1
DA:92,1
DA:93,1
DA:94,1
DA:96,1
DA:97,1
DA:98,1
DA:100,1
DA:101,1
DA:102,1
DA:104,1
DA:105,1
DA:108,1
DA:109,1
DA:112,1
DA:113,1
DA:116,0
DA:117,0
DA:118,0
DA:124,4
DA:125,4
DA:126,4
DA:128,4
DA:129,4
LF:60
LH:57
end_of_record
TN:
SF:/home/quan/QuanNTA1_MockProject/src/controller/IAppController.h
FN:92,_ZN10Controller14IAppControllerD2Ev
FN:92,_ZN10Controller14IAppControllerD0Ev
FNDA:84,_ZN10Controller14IAppControllerD2Ev
FNDA:0,_ZN10Controller14IAppControllerD0Ev
FNF:2
FNH:1
DA:92,84
LF:1
LH:1
end_of_record
TN:
SF:/home/quan/QuanNTA1_MockProject/src/controller/IAudioPlayer.h
FN:30,_ZN10Controller12IAudioPlayerD2Ev
FN:30,_ZN10Controller12IAudioPlayerD0Ev
FNDA:0,_ZN10Controller12IAudioPlayerD0Ev
FNDA:99,_ZN10Controller12IAudioPlayerD2Ev
FNF:2
FNH:1
DA:30,99
LF:1
LH:1
end_of_record
TN:
SF:/home/quan/QuanNTA1_MockProject/src/controller/ISerialManager.h
FN:26,_ZN10Controller14ISerialManagerD2Ev
FN:26,_ZN10Controller14ISerialManagerD0Ev
FNDA:0,_ZN10Controller14ISerialManagerD0Ev
FNDA:97,_ZN10Controller14ISerialManagerD2Ev
FNF:2
FNH:1
DA:26,97
LF:1
LH:1
end_of_record
TN:
SF:/home/quan/QuanNTA1_MockProject/src/controller/IStorageManager.h
FN:33,_ZN10Controller15IStorageManagerD0Ev
FN:33,_ZN10Controller15IStorageManagerD2Ev
FNDA:99,_ZN10Controller15IStorageManagerD2Ev
FNDA:0,_ZN10Controller15IStorageManagerD0Ev
FNF:2
FNH:1
DA:33,99
LF:1
LH:1
end_of_record
TN:
SF:/home/quan/QuanNTA1_MockProject/src/controller/SerialManager.cpp
FN:17,_ZN10Controller13SerialManagerC2Ev
FN:22,_ZN10Controller13SerialManagerD0Ev
FN:22,_ZN10Controller13SerialManagerD2Ev
FN:30,_ZN10Controller13SerialManager7connectERKNSt7__cxx1112basic_stringIcSt11char_traitsIcESaIcEEEj
FN:38,_ZN10Controller13SerialManager10disconnectEv
FN:43,_ZNK10Controller13SerialManager11isConnectedEv
FN:47,_ZNK10Controller13SerialManager8getStateEv
FN:51,_ZN10Controller13SerialManager16setStateCallbackESt8functionIFvNS_11SerialStateEEE
FN:55,_ZNK10Controller13SerialManager11getPortNameB5cxx11Ev
FN:59,_ZNK10Controller13SerialManager11getBaudRateEv
FN:63,_ZNK10Controller13SerialManager17getAvailablePortsB5cxx11Ev
FN:71,_ZN10Controller13SerialManager4sendERKNSt7__cxx1112basic_stringIcSt11char_traitsIcESaIcEEE
FN:75,_ZN10Controller13SerialManager9sendBytesEPKhm
FN:79,_ZN10Controller13SerialManager4readEPhm
FN:83,_ZN10Controller13SerialManager8readLineB5cxx11Ej
FN:87,_ZNK10Controller13SerialManager9availableEv
FN:91,_ZN10Controller13SerialManager5flushEv
FN:95,_ZN10Controller13SerialManager15setDataCallbackESt8functionIFvRKNSt7__cxx1112basic_stringIcSt11char_traitsIcESaIcEEEEE
FNDA:6,_ZN10Controller13SerialManager7connectERKNSt7__cxx1112basic_stringIcSt11char_traitsIcESaIcEEEj
FNDA:13,_ZN10Controller13SerialManagerD2Ev
FNDA:0,_ZN10Controller13SerialManagerD0Ev
FNDA:0,_ZNK10Controller13SerialManager17getAvailablePortsB5cxx11Ev
FNDA:1,_ZN10Controller13SerialManager5flushEv
FNDA:3,_ZN10Controller13SerialManager15setDataCallbackESt8functionIFvRKNSt7__cxx1112basic_stringIcSt11char_traitsIcESaIcEEEEE
FNDA:1,_ZN10Controller13SerialManager8readLineB5cxx11Ej
FNDA:2,_ZNK10Controller13SerialManager11getPortNameB5cxx11Ev
FNDA:13,_ZN10Controller13SerialManagerC2Ev
FNDA:1,_ZNK10Controller13SerialManager9availableEv
FNDA:4,_ZNK10Controller13SerialManager11isConnectedEv
FNDA:2,_ZNK10Controller13SerialManager11getBaudRateEv
FNDA:18,_ZN10Controller13SerialManager10disconnectEv
FNDA:2,_ZN10Controller13SerialManager4sendERKNSt7__cxx1112basic_stringIcSt11char_traitsIcESaIcEEE
FNDA:1,_ZN10Controller13SerialManager4readEPhm
FNDA:4,_ZNK10Controller13SerialManager8getStateEv
FNDA:2,_ZN10Controller13SerialManager16setStateCallbackESt8functionIFvNS_11SerialStateEEE
FNDA:1,_ZN10Controller13SerialManager9sendBytesEPKhm
FNF:18
FNH:16
BRDA:18,0,0,13
BRDA:18,0,1,0
BRDA:19,0,0,13
BRDA:19,0,1,0
BRDA:32,0,0,4
BRDA:32,0,1,2
BRDA:52,0,0,2
BRDA:52,0,1,0
BRDA:96,0,0,3
BRDA:96,0,1,0
BRF:10
BRH:6
DA:17,13
DA:18,13
DA:19,13
DA:20,13
DA:22,13
DA:23,13
DA:24,13
DA:30,6
DA:31,6
DA:32,6
DA:33,4
DA:35,6
DA:38,18
DA:39,18
DA:40,18
DA:41,18
DA:43,4
DA:44,4
DA:47,4
DA:48,4
DA:51,2
DA:52,2
DA:53,2
DA:55,2
DA:56,2
DA:59,2
DA:60,2
DA:63,0
DA:64,0
DA:71,2
DA:72,2
DA:75,1
DA:76,1
DA:79,1
DA:80,1
DA:83,1
DA:84,1
DA:87,1
DA:88,1
DA:91,1
DA:92,1
DA:93,1
DA:95,3
DA:96,3
DA:97,3
LF:45
LH:43
end_of_record
TN:
SF:/home/quan/QuanNTA1_MockProject/src/controller/StorageManager.cpp
FN:18,_ZN10Controller14StorageManagerC2Ev
FN:20,_ZN10Controller14StorageManager14refreshDevicesEv
FN:25,_ZN10Controller14StorageManager11getUsernameB5cxx11Ev
FN:34,_ZN10Controller14StorageManager19getAvailableStorageEv
FN:79,_ZN10Controller14StorageManager13hasMusicFilesERKNSt7__cxx1112basic_stringIcSt11char_traitsIcESaIcEEE
FNDA:7,_ZN10Controller14StorageManager14refreshDevicesEv
FNDA:99,_ZN10Controller14StorageManagerC2Ev
FNDA:19,_ZN10Controller14StorageManager11getUsernameB5cxx11Ev
FNDA:38,_ZN10Controller14StorageManager13hasMusicFilesERKNSt7__cxx1112basic_stringIcSt11char_traitsIcESaIcEEE
FNDA:19,_ZN10Controller14StorageManager19getAvailableStorageEv
FNF:5
FNH:5
BRDA:28,0,0,19
BRDA:28,0,1,0
BRDA:29,0,0,19
BRDA:29,0,1,0
BRDA:31,0,0,-
BRDA:31,0,1,-
BRDA:43,0,0,19
BRDA:43,0,1,0
BRDA:44,0,0,19
BRDA:44,0,1,0
BRDA:45,0,0,19
BRDA:45,0,1,0
BRDA:46,0,0,19
BRDA:46,0,1,0
BRDA:46,0,2,19
BRDA:46,0,3,0
BRDA:46,0,4,19
BRDA:46,0,5,0
BRDA:46,0,6,19
BRDA:46,0,7,0
BRDA:46,0,8,19
BRDA:46,0,9,0
BRDA:46,0,10,19
BRDA:46,0,11,0
BRDA:46,0,12,19
BRDA:46,0,13,0
BRDA:46,0,14,19
BRDA:46,0,15,0
BRDA:46,0,16,19
BRDA:46,0,17,0
BRDA:46,0,18,0
BRDA:46,0,19,0
BRDA:46,0,20,0
BRDA:46,0,21,0
BRDA:47,0,0,19
BRDA:47,0,1,0
BRDA:47,0,2,19
BRDA:47,0,3,0
BRDA:47,0,4,38
BRDA:47,0,5,0
BRDA:47,0,6,38
BRDA:47,0,7,19
BRDA:48,0,0,38
BRDA:48,0,1,0
BRDA:48,0,2,38
BRDA:48,0,3,0
BRDA:50,0,0,38
BRDA:50,0,1,0
BRDA:50,0,2,38
BRDA:50,0,3,0
BRDA:50,0,4,0
BRDA:50,0,5,38
BRDA:51,0,0,-
BRDA:51,0,1,-
BRDA:51,0,2,-
BRDA:51,0,3,-
BRDA:51,0,4,-
BRDA:51,0,5,-
BRDA:52,0,0,-
BRDA:52,0,1,-
BRDA:52,0,2,-
BRDA:52,0,3,-
BRDA:62,0,0,19
BRDA:62,0,1,0
BRDA:62,0,2,19
BRDA:62,0,3,0
BRDA:62,0,4,19
BRDA:62,0,5,0
BRDA:62,0,6,19
BRDA:62,0,7,0
BRDA:62,0,8,19
BRDA:62,0,9,0
BRDA:62,0,10,19
BRDA:62,0,11,0
BRDA:62,0,12,19
BRDA:62,0,13,0
BRDA:62,0,14,19
BRDA:62,0,15,0
BRDA:62,0,16,19
BRDA:62,0,17,0
BRDA:62,0,18,0
BRDA:62,0,19,0
BRDA:62,0,20,0
BRDA:62,0,21,0
BRDA:63,0,0,19
BRDA:63,0,1,0
BRDA:63,0,2,19
BRDA:63,0,3,0
BRDA:63,0,4,0
BRDA:63,0,5,0
BRDA:63,0,6,0
BRDA:63,0,7,19
BRDA:64,0,0,-
BRDA:64,0,1,-
BRDA:64,0,2,-
BRDA:64,0,3,-
BRDA:66,0,0,-
BRDA:66,0,1,-
BRDA:66,0,2,-
BRDA:66,0,3,-
BRDA:66,0,4,-
BRDA:66,0,5,-
BRDA:67,0,0,-
BRDA:67,0,1,-
BRDA:67,0,2,-
BRDA:67,0,3,-
BRDA:67,0,4,-
BRDA:67,0,5,-
BRDA:68,0,0,-
BRDA:68,0,1,-
BRDA:68,0,2,-
BRDA:68,0,3,-
BRDA:81,0,0,38
BRDA:81,0,1,0
BRDA:81,0,2,38
BRDA:81,0,3,0
BRDA:81,0,4,38
BRDA:81,0,5,0
BRDA:81,0,6,38
BRDA:81,0,7,0
BRDA:81,0,8,38
BRDA:81,0,9,0
BRDA:81,0,10,0
BRDA:81,0,11,38
BRDA:81,0,12,38
BRDA:81,0,13,0
BRDA:81,0,14,38
BRDA:81,0,15,0
BRDA:81,0,16,0
BRDA:81,0,17,38
BRDA:81,0,18,0
BRDA:81,0,19,0
BRDA:81,0,20,0
BRDA:81,0,21,0
BRDA:84,0,0,38
BRDA:84,0,1,0
BRDA:84,0,2,38
BRDA:84,0,3,0
BRDA:84,0,4,21451
BRDA:84,0,5,0
BRDA:84,0,6,21451
BRDA:84,0,7,38
BRDA:85,0,0,21451
BRDA:85,0,1,0
BRDA:85,0,2,17404
BRDA:85,0,3,4047
BRDA:86,0,0,17404
BRDA:86,0,1,0
BRDA:86,0,2,17404
BRDA:86,0,3,0
BRDA:88,0,0,69445
BRDA:88,0,1,17404
BRDA:90,0,0,17404
BRDA:90,0,1,0
BRDA:90,0,2,17404
BRDA:90,0,3,0
BRDA:90,0,4,17404
BRDA:90,0,5,0
BRDA:90,0,6,0
BRDA:90,0,7,17404
BRDA:90,0,8,0
BRDA:90,0,9,17404
BRDA:93,0,0,17404
BRDA:93,0,1,0
BRDA:94,0,0,38
BRDA:94,0,1,0
BRDA:94,0,2,38
BRDA:94,0,3,0
BRDA:94,0,4,38
BRDA:94,0,5,0
BRDA:95,0,0,0
BRDA:95,0,1,0
BRDA:97,0,0,0
BRDA:97,0,1,0
BRDA:97,0,2,0
BRDA:97,0,3,0
BRDA:97,0,4,0
BRDA:97,0,5,0
BRDA:97,0,6,0
BRDA:97,0,7,0
BRDA:97,0,8,0
BRDA:97,0,9,0
BRF:182
BRH:66
DA:18,99
DA:20,7
DA:21,7
DA:22,7
DA:23,7
DA:25,19
DA:26,19
DA:27,19
DA:28,19
DA:29,19
DA:31,0
DA:34,19
DA:35,19
DA:43,19
DA:44,19
DA:45,19
DA:46,19
DA:47,95
DA:48,38
DA:50,38
DA:51,0
DA:52,0
DA:53,0
DA:57,19
DA:59,19
DA:62,19
DA:63,57
DA:64,0
DA:66,0
DA:67,0
DA:68,0
DA:69,0
DA:73,19
DA:76,38
DA:77,19
DA:79,38
DA:81,38
DA:84,21565
DA:85,21451
DA:86,17404
DA:88,86849
DA:90,17404
DA:91,0
DA:93,17404
DA:94,38
DA:95,0
DA:97,0
DA:98,0
DA:99,38
LF:49
LH:36
end_of_record
TN:
SF:/home/quan/QuanNTA1_MockProject/src/controller/StorageManager.h
FN:25,_ZN10Controller14StorageManagerD2Ev
FN:25,_ZN10Controller14StorageManagerD0Ev
FNDA:99,_ZN10Controller14StorageManagerD2Ev
FNDA:84,_ZN10Controller14StorageManagerD0Ev
FNF:2
FNH:2
DA:25,183
LF:1
LH:1
end_of_record
TN:
SF:/home/quan/QuanNTA1_MockProject/src/controller/appcontroller/BoardCommunicator.cpp
FN:15,_ZN10Controller21BoardCommunicatorImplC2ESt10shared_ptrINS_14ISerialManagerEES1_IN5Model12IPlayerStateEE
FN:25,_ZN10Controller21BoardCommunicatorImpl14connectToBoardERKNSt7__cxx1112basic_stringIcSt11char_traitsIcESaIcEEEj
FN:32,_ZN10Controller21BoardCommunicatorImpl19disconnectFromBoardEv
FN:38,_ZNK10Controller21BoardCommunicatorImpl18isConnectedToBoardEv
FN:42,_ZNK10Controller21BoardCommunicatorImpl17getAvailablePortsB5cxx11Ev
FN:49,_ZN10Controller21BoardCommunicatorImpl17sendStatusToBoardEv
FN:83,_ZN10Controller21BoardCommunicatorImpl21setBoardEventCallbackESt8functionIFvNS_10BoardEventEiEE
FN:88,_ZN10Controller21BoardCommunicatorImpl14processCommandERKNSt7__cxx1112basic_stringIcSt11char_traitsIcESaIcEEE
FN:151,_ZN10Controller21BoardCommunicatorImpl18parseVolumeFromADCEi
FN:161,_ZN10Controller21BoardCommunicatorImpl26setCurrentTrackIndexGetterESt8functionIFivEE
FNDA:9,_ZN10Controller21BoardCommunicatorImpl14processCommandERKNSt7__cxx1112basic_stringIcSt11char_traitsIcESaIcEEE
FNDA:2,_ZNK10Controller21BoardCommunicatorImpl18isConnectedToBoardEv
FNDA:87,_ZN10Controller21BoardCommunicatorImpl19disconnectFromBoardEv
FNDA:82,_ZN10Controller21BoardCommunicatorImpl21setBoardEventCallbackESt8functionIFvNS_10BoardEventEiEE
FNDA:84,_ZN10Controller21BoardCommunicatorImplC2ESt10shared_ptrINS_14ISerialManagerEES1_IN5Model12IPlayerStateEE
FNDA:1,_ZNK10Controller21BoardCommunicatorImpl17getAvailablePortsB5cxx11Ev
FNDA:16,_ZN10Controller21BoardCommunicatorImpl14connectToBoardERKNSt7__cxx1112basic_stringIcSt11char_traitsIcESaIcEEEj
FNDA:90,_ZN10Controller21BoardCommunicatorImpl17sendStatusToBoardEv
FNDA:84,_ZN10Controller21BoardCommunicatorImpl26setCurrentTrackIndexGetterESt8functionIFivEE
FNDA:3,_ZN10Controller21BoardCommunicatorImpl18parseVolumeFromADCEi
FNF:10
FNH:10
BRDA:26,0,0,0
BRDA:26,0,1,16
BRDA:33,0,0,87
BRDA:33,0,1,0
BRDA:39,0,0,2
BRDA:39,0,1,0
BRDA:39,0,2,1
BRDA:39,0,3,1
BRDA:43,0,0,1
BRDA:43,0,1,0
BRDA:50,0,0,90
BRDA:50,0,1,0
BRDA:50,0,2,90
BRDA:50,0,3,0
BRDA:50,0,4,52
BRDA:50,0,5,38
BRDA:50,0,6,52
BRDA:50,0,7,38
BRDA:54,0,0,38
BRDA:54,0,1,0
BRDA:55,0,0,38
BRDA:55,0,1,0
BRDA:57,0,0,38
BRDA:57,0,1,0
BRDA:58,0,0,38
BRDA:58,0,1,0
BRDA:58,0,2,8
BRDA:58,0,3,1
BRDA:58,0,4,29
BRDA:58,0,5,0
BRDA:60,0,0,8
BRDA:60,0,1,0
BRDA:63,0,0,1
BRDA:63,0,1,0
BRDA:66,0,0,29
BRDA:66,0,1,0
BRDA:69,0,0,38
BRDA:69,0,1,0
BRDA:69,0,2,38
BRDA:69,0,3,0
BRDA:69,0,4,38
BRDA:69,0,5,0
BRDA:70,0,0,38
BRDA:70,0,1,0
BRDA:70,0,2,38
BRDA:70,0,3,0
BRDA:70,0,4,0
BRDA:70,0,5,38
BRDA:70,0,6,38
BRDA:70,0,7,0
BRDA:72,0,0,38
BRDA:72,0,1,0
BRDA:73,0,0,38
BRDA:73,0,1,0
BRDA:73,0,2,38
BRDA:73,0,3,0
BRDA:73,0,4,38
BRDA:73,0,5,0
BRDA:76,0,0,-
BRDA:76,0,1,-
BRDA:79,0,0,38
BRDA:79,0,1,0
BRDA:80,0,0,38
BRDA:80,0,1,0
BRDA:80,0,2,38
BRDA:80,0,3,0
BRDA:89,0,0,0
BRDA:89,0,1,9
BRDA:91,0,0,9
BRDA:91,0,1,0
BRDA:91,0,2,9
BRDA:91,0,3,0
BRDA:91,0,4,9
BRDA:91,0,5,0
BRDA:91,0,6,9
BRDA:91,0,7,0
BRDA:91,0,8,9
BRDA:91,0,9,0
BRDA:91,0,10,9
BRDA:91,0,11,0
BRDA:93,0,0,9
BRDA:93,0,1,0
BRDA:95,0,0,9
BRDA:95,0,1,0
BRDA:95,0,2,9
BRDA:95,0,3,0
BRDA:96,0,0,9
BRDA:96,0,1,0
BRDA:96,0,2,9
BRDA:96,0,3,0
BRDA:102,0,0,9
BRDA:102,0,1,0
BRDA:102,0,2,3
BRDA:102,0,3,6
BRDA:103,0,0,6
BRDA:103,0,1,0
BRDA:103,0,2,0
BRDA:103,0,3,6
BRDA:105,0,0,3
BRDA:105,0,1,6
BRDA:107,0,0,3
BRDA:107,0,1,0
BRDA:108,0,0,3
BRDA:108,0,1,0
BRDA:108,0,2,3
BRDA:108,0,3,0
BRDA:108,0,4,3
BRDA:108,0,5,0
BRDA:108,0,6,3
BRDA:108,0,7,0
BRDA:108,0,8,3
BRDA:108,0,9,0
BRDA:108,0,10,3
BRDA:108,0,11,0
BRDA:109,0,0,3
BRDA:109,0,1,0
BRDA:111,0,0,3
BRDA:111,0,1,0
BRDA:111,0,2,3
BRDA:111,0,3,0
BRDA:111,0,4,3
BRDA:111,0,5,0
BRDA:111,0,6,3
BRDA:111,0,7,0
BRDA:111,0,8,3
BRDA:111,0,9,0
BRDA:111,0,10,3
BRDA:111,0,11,0
BRDA:112,0,0,3
BRDA:112,0,1,0
BRDA:113,0,0,0
BRDA:113,0,1,0
BRDA:114,0,0,0
BRDA:114,0,1,0
BRDA:114,0,2,0
BRDA:114,0,3,0
BRDA:114,0,4,0
BRDA:114,0,5,0
BRDA:114,0,6,0
BRDA:114,0,7,0
BRDA:114,0,8,0
BRDA:114,0,9,0
BRDA:114,0,10,0
BRDA:114,0,11,0
BRDA:116,0,0,0
BRDA:116,0,1,0
BRDA:116,0,2,0
BRDA:116,0,3,0
BRDA:116,0,4,0
BRDA:116,0,5,0
BRDA:116,0,6,0
BRDA:116,0,7,0
BRDA:116,0,8,0
BRDA:116,0,9,0
BRDA:117,0,0,0
BRDA:117,0,1,0
BRDA:125,0,0,6
BRDA:125,0,1,0
BRDA:125,0,2,6
BRDA:125,0,3,0
BRDA:126,0,0,6
BRDA:126,0,1,0
BRDA:128,0,0,-
BRDA:128,0,1,-
BRDA:128,0,2,-
BRDA:128,0,3,-
BRDA:129,0,0,-
BRDA:129,0,1,-
BRDA:133,0,0,6
BRDA:133,0,1,0
BRDA:136,0,0,1
BRDA:136,0,1,5
BRDA:137,0,0,1
BRDA:137,0,1,0
BRDA:138,0,0,1
BRDA:138,0,1,4
BRDA:139,0,0,1
BRDA:139,0,1,0
BRDA:140,0,0,1
BRDA:140,0,1,3
BRDA:141,0,0,1
BRDA:141,0,1,0
BRDA:142,0,0,1
BRDA:142,0,1,2
BRDA:143,0,0,1
BRDA:143,0,1,0
BRDA:144,0,0,1
BRDA:144,0,1,1
BRDA:145,0,0,1
BRDA:145,0,1,0
BRDA:149,0,0,0
BRDA:149,0,1,6
BRDA:149,0,2,0
BRDA:149,0,3,9
BRDA:153,0,0,0
BRDA:153,0,1,3
BRDA:154,0,0,0
BRDA:154,0,1,3
BRF:198
BRH:93
DA:15,84
DA:18,84
DA:19,84
DA:20,84
DA:21,84
DA:22,168
DA:23,84
DA:25,16
DA:26,16
DA:27,0
DA:29,16
DA:32,87
DA:33,87
DA:34,87
DA:36,87
DA:38,2
DA:39,2
DA:42,1
DA:43,1
DA:44,1
DA:46,0
DA:49,90
DA:50,90
DA:51,52
DA:54,38
DA:55,38
DA:57,38
DA:58,38
DA:59,8
DA:60,8
DA:61,8
DA:62,1
DA:63,1
DA:64,1
DA:65,29
DA:66,29
DA:67,29
DA:69,38
DA:70,38
DA:72,38
DA:73,38
DA:76,0
DA:79,38
DA:80,38
DA:81,38
DA:83,82
DA:85,82
DA:86,82
DA:88,9
DA:89,18
DA:91,9
DA:93,9
DA:95,9
DA:96,9
DA:101,9
DA:102,9
DA:103,6
DA:105,9
DA:107,3
DA:108,3
DA:109,3
DA:110,3
DA:111,3
DA:112,3
DA:113,3
DA:114,0
DA:115,0
DA:116,0
DA:117,0
DA:118,3
DA:122,6
DA:123,6
DA:125,6
DA:126,6
DA:127,6
DA:128,0
DA:129,0
DA:130,0
DA:133,6
DA:134,6
DA:136,6
DA:137,1
DA:138,5
DA:139,1
DA:140,4
DA:141,1
DA:142,3
DA:143,1
DA:144,2
DA:145,1
DA:147,6
DA:149,15
DA:151,3
DA:153,3
DA:154,3
DA:158,3
DA:161,84
DA:162,84
DA:163,84
LF:99
LH:89
end_of_record
TN:
SF:/home/quan/QuanNTA1_MockProject/src/controller/appcontroller/BoardCommunicator.h
FN:46,_ZN10Controller21BoardCommunicatorImplD0Ev
FN:46,_ZN10Controller21BoardCommunicatorImplD2Ev
FNDA:84,_ZN10Controller21BoardCommunicatorImplD0Ev
FNDA:84,_ZN10Controller21BoardCommunicatorImplD2Ev
FNF:2
FNH:2
DA:46,168
LF:1
LH:1
end_of_record
TN:
SF:/home/quan/QuanNTA1_MockProject/src/controller/appcontroller/HistoryManager.cpp
FN:12,_ZN10Controller18HistoryManagerImplC2Ev
FN:17,_ZNK10Controller18HistoryManagerImpl10getHistoryEv
FN:40,_ZNK10Controller18HistoryManagerImpl14getHistorySizeEv
FN:45,_ZNK10Controller18HistoryManagerImpl14getHistoryItemEm
FN:51,_ZNK10Controller18HistoryManagerImpl19getHistoryTrackPathB5cxx11Em
FN:57,_ZN10Controller18HistoryManagerImpl11pushHistoryESt10shared_ptrIN5Model9MediaFileEE
FN:72,_ZN10Controller18HistoryManagerImpl10popHistoryEv
FN:84,_ZN10Controller18HistoryManagerImpl12clearHistoryEv
FN:89,_ZN10Controller18HistoryManagerImpl14setPlaylistRefEPKNSt7__cxx114listISt10shared_ptrIN5Model9MediaFileEESaIS6_EEEPSt5mutex
FNDA:96,_ZN10Controller18HistoryManagerImplC2Ev
FNDA:87,_ZN10Controller18HistoryManagerImpl12clearHistoryEv
FNDA:103,_ZNK10Controller18HistoryManagerImpl19getHistoryTrackPathB5cxx11Em
FNDA:9,_ZN10Controller18HistoryManagerImpl11pushHistoryESt10shared_ptrIN5Model9MediaFileEE
FNDA:109,_ZNK10Controller18HistoryManagerImpl14getHistoryItemEm
FNDA:3,_ZN10Controller18HistoryManagerImpl10popHistoryEv
FNDA:6,_ZNK10Controller18HistoryManagerImpl10getHistoryEv
FNDA:6,_ZNK10Controller18HistoryManagerImpl14getHistorySizeEv
FNDA:84,_ZN10Controller18HistoryManagerImpl14setPlaylistRefEPKNSt7__cxx114listISt10shared_ptrIN5Model9MediaFileEESaIS6_EEEPSt5mutex
FNF:9
FNH:9
BRDA:18,0,0,6
BRDA:18,0,1,0
BRDA:21,0,0,4
BRDA:21,0,1,2
BRDA:21,0,2,0
BRDA:21,0,3,4
BRDA:25,0,0,4
BRDA:25,0,1,0
BRDA:27,0,0,3
BRDA:27,0,1,4
BRDA:29,0,0,4
BRDA:29,0,1,0
BRDA:30,0,0,3
BRDA:30,0,1,1
BRDA:31,0,0,3
BRDA:31,0,1,0
BRDA:41,0,0,6
BRDA:41,0,1,0
BRDA:46,0,0,109
BRDA:46,0,1,0
BRDA:47,0,0,108
BRDA:47,0,1,1
BRDA:52,0,0,103
BRDA:52,0,1,0
BRDA:53,0,0,103
BRDA:53,0,1,0
BRDA:53,0,2,103
BRDA:53,0,3,0
BRDA:54,0,0,-
BRDA:54,0,1,-
BRDA:58,0,0,0
BRDA:58,0,1,9
BRDA:60,0,0,9
BRDA:60,0,1,0
BRDA:62,0,0,2
BRDA:62,0,1,7
BRDA:62,0,2,0
BRDA:62,0,3,2
BRDA:62,0,4,0
BRDA:62,0,5,9
BRDA:66,0,0,9
BRDA:66,0,1,0
BRDA:67,0,0,0
BRDA:67,0,1,9
BRDA:68,0,0,-
BRDA:68,0,1,-
BRDA:70,0,0,9
BRDA:70,0,1,0
BRDA:73,0,0,3
BRDA:73,0,1,0
BRDA:75,0,0,1
BRDA:75,0,1,2
BRDA:85,0,0,87
BRDA:85,0,1,0
BRF:54
BRH:31
DA:12,96
DA:13,96
DA:14,96
DA:15,96
DA:17,6
DA:18,6
DA:19,6
DA:21,6
DA:22,2
DA:25,4
DA:27,7
DA:28,3
DA:29,4
DA:30,4
DA:31,3
DA:32,3
DA:34,1
DA:37,4
DA:38,6
DA:40,6
DA:41,6
DA:42,12
DA:43,6
DA:45,109
DA:46,109
DA:47,109
DA:48,1
DA:49,109
DA:51,103
DA:52,103
DA:53,103
DA:54,0
DA:55,103
DA:57,9
DA:58,9
DA:60,9
DA:62,9
DA:63,0
DA:66,9
DA:67,9
DA:68,0
DA:70,9
DA:72,3
DA:73,3
DA:75,3
DA:76,1
DA:79,2
DA:80,2
DA:81,2
DA:82,3
DA:84,87
DA:85,87
DA:86,87
DA:87,87
DA:89,84
DA:90,84
DA:91,84
DA:92,84
LF:58
LH:55
end_of_record
TN:
SF:/home/quan/QuanNTA1_MockProject/src/controller/appcontroller/HistoryManager.h
FN:32,_ZN10Controller18HistoryManagerImplD2Ev
FN:32,_ZN10Controller18HistoryManagerImplD0Ev
FNDA:96,_ZN10Controller18HistoryManagerImplD2Ev
FNDA:96,_ZN10Controller18HistoryManagerImplD0Ev
FNF:2
FNH:2
DA:32,192
LF:1
LH:1
end_of_record
TN:
SF:/home/quan/QuanNTA1_MockProject/src/controller/appcontroller/PlaybackController.cpp
FN:13,_ZN10Controller22PlaybackControllerImplC2ESt10shared_ptrINS_12IAudioPlayerEES1_IN5Model12IPlayerStateEEPNS_19PlaylistManagerImplEPNS_18HistoryManagerImplE
FN:31,_ZN10Controller22PlaybackControllerImpl9loadTrackERKNSt7__cxx1112basic_stringIcSt11char_traitsIcESaIcEEE
FN:66,_ZN10Controller22PlaybackControllerImpl4playEv
FN:125,_ZN10Controller22PlaybackControllerImpl5pauseEv
FN:131,_ZN10Controller22PlaybackControllerImpl4stopEv
FN:137,_ZN10Controller22PlaybackControllerImpl4nextEv
FN:183,_ZZN10Controller22PlaybackControllerImpl4nextEvENKUlRKSt10shared_ptrIN5Model9MediaFileEEE_clES6_
FN:229,_ZN10Controller22PlaybackControllerImpl8previousEv
FN:272,_ZN10Controller22PlaybackControllerImpl9playTrackEi
FN:298,_ZN10Controller22PlaybackControllerImpl4seekEj
FN:304,_ZN10Controller22PlaybackControllerImpl9queueNextERKNSt7__cxx1112basic_stringIcSt11char_traitsIcESaIcEEE
FN:353,_ZN10Controller22PlaybackControllerImpl12replaceQueueERKSt6vectorINSt7__cxx1112basic_stringIcSt11char_traitsIcESaIcEEESaIS7_EE
FN:397,_ZN10Controller22PlaybackControllerImpl13queuePlaylistERKSt6vectorINSt7__cxx1112basic_stringIcSt11char_traitsIcESaIcEEESaIS7_EE
FN:433,_ZN10Controller22PlaybackControllerImpl11playLibraryEi
FN:480,_ZNK10Controller22PlaybackControllerImpl20getCurrentTrackIndexEv
FN:486,_ZNK10Controller22PlaybackControllerImpl26getCurrentTrackIndexLockedEv
FN:505,_ZN10Controller22PlaybackControllerImpl16getTrackIteratorEi
FN:515,_ZN10Controller22PlaybackControllerImpl17setStatusCallbackESt8functionIFvvEE
FN:520,_ZN10Controller22PlaybackControllerImpl18getCurrentIteratorEv
FN:524,_ZN10Controller22PlaybackControllerImpl13toggleShuffleEv
FN:597,_ZN10Controller22PlaybackControllerImpl12toggleRepeatEv
FNDA:40,_ZNK10Controller22PlaybackControllerImpl26getCurrentTrackIndexLockedEv
FNDA:32,_ZN10Controller22PlaybackControllerImpl18getCurrentIteratorEv
FNDA:1,_ZN10Controller22PlaybackControllerImpl12toggleRepeatEv
FNDA:14,_ZN10Controller22PlaybackControllerImpl9playTrackEi
FNDA:2,_ZN10Controller22PlaybackControllerImpl4stopEv
FNDA:1,_ZN10Controller22PlaybackControllerImpl13toggleShuffleEv
FNDA:0,_ZN10Controller22PlaybackControllerImpl17setStatusCallbackESt8functionIFvvEE
FNDA:31,_ZN10Controller22PlaybackControllerImpl4playEv
FNDA:0,_ZZN10Controller22PlaybackControllerImpl4nextEvENKUlRKSt10shared_ptrIN5Model9MediaFileEEE_clES6_
FNDA:1,_ZN10Controller22PlaybackControllerImpl11playLibraryEi
FNDA:1,_ZN10Controller22PlaybackControllerImpl9queueNextERKNSt7__cxx1112basic_stringIcSt11char_traitsIcESaIcEEE
FNDA:84,_ZN10Controller22PlaybackControllerImplC2ESt10shared_ptrINS_12IAudioPlayerEES1_IN5Model12IPlayerStateEEPNS_19PlaylistManagerImplEPNS_18HistoryManagerImplE
FNDA:3,_ZN10Controller22PlaybackControllerImpl12replaceQueueERKSt6vectorINSt7__cxx1112basic_stringIcSt11char_traitsIcESaIcEEESaIS7_EE
FNDA:4,_ZN10Controller22PlaybackControllerImpl4nextEv
FNDA:34,_ZN10Controller22PlaybackControllerImpl9loadTrackERKNSt7__cxx1112basic_stringIcSt11char_traitsIcESaIcEEE
FNDA:14,_ZN10Controller22PlaybackControllerImpl16getTrackIteratorEi
FNDA:40,_ZNK10Controller22PlaybackControllerImpl20getCurrentTrackIndexEv
FNDA:1,_ZN10Controller22PlaybackControllerImpl13queuePlaylistERKSt6vectorINSt7__cxx1112basic_stringIcSt11char_traitsIcESaIcEEESaIS7_EE
FNDA:2,_ZN10Controller22PlaybackControllerImpl5pauseEv
FNDA:1,_ZN10Controller22PlaybackControllerImpl4seekEj
FNDA:2,_ZN10Controller22PlaybackControllerImpl8previousEv
FNF:21
FNH:19
BRDA:26,0,0,84
BRDA:26,0,1,0
BRDA:27,0,0,84
BRDA:27,0,1,0
BRDA:32,0,0,34
BRDA:32,0,1,0
BRDA:32,0,2,0
BRDA:32,0,3,34
BRDA:32,0,4,0
BRDA:32,0,5,34
BRDA:38,0,0,34
BRDA:38,0,1,0
BRDA:39,0,0,34
BRDA:39,0,1,0
BRDA:41,0,0,34
BRDA:41,0,1,0
BRDA:41,0,2,34
BRDA:41,0,3,0
BRDA:42,0,0,34
BRDA:42,0,1,0
BRDA:46,0,0,37
BRDA:46,0,1,4
BRDA:47,0,0,37
BRDA:47,0,1,0
BRDA:47,0,2,30
BRDA:47,0,3,7
BRDA:49,0,0,30
BRDA:49,0,1,0
BRDA:50,0,0,30
BRDA:50,0,1,0
BRDA:67,0,0,31
BRDA:67,0,1,0
BRDA:67,0,2,0
BRDA:67,0,3,31
BRDA:67,0,4,0
BRDA:67,0,5,31
BRDA:70,0,0,31
BRDA:70,0,1,0
BRDA:70,0,2,31
BRDA:70,0,3,0
BRDA:71,0,0,31
BRDA:71,0,1,0
BRDA:73,0,0,28
BRDA:73,0,1,3
BRDA:74,0,0,28
BRDA:74,0,1,0
BRDA:74,0,2,2
BRDA:74,0,3,26
BRDA:75,0,0,2
BRDA:75,0,1,0
BRDA:76,0,0,2
BRDA:76,0,1,0
BRDA:77,0,0,2
BRDA:77,0,1,0
BRDA:79,0,0,0
BRDA:79,0,1,3
BRDA:81,0,0,-
BRDA:81,0,1,-
BRDA:82,0,0,-
BRDA:82,0,1,-
BRDA:83,0,0,-
BRDA:83,0,1,-
BRDA:87,0,0,31
BRDA:87,0,1,0
BRDA:87,0,2,31
BRDA:87,0,3,0
BRDA:87,0,4,0
BRDA:87,0,5,31
BRDA:87,0,6,0
BRDA:87,0,7,31
BRDA:88,0,0,-
BRDA:88,0,1,-
BRDA:89,0,0,-
BRDA:89,0,1,-
BRDA:89,0,2,-
BRDA:89,0,3,-
BRDA:100,0,0,31
BRDA:100,0,1,0
BRDA:100,0,2,31
BRDA:100,0,3,0
BRDA:101,0,0,31
BRDA:101,0,1,0
BRDA:101,0,2,28
BRDA:101,0,3,3
BRDA:103,0,0,28
BRDA:103,0,1,0
BRDA:107,0,0,28
BRDA:107,0,1,3
BRDA:110,0,0,1
BRDA:110,0,1,27
BRDA:115,0,0,28
BRDA:115,0,1,3
BRDA:116,0,0,1
BRDA:116,0,1,27
BRDA:117,0,0,1
BRDA:117,0,1,0
BRDA:121,0,0,28
BRDA:121,0,1,0
BRDA:126,0,0,2
BRDA:126,0,1,0
BRDA:132,0,0,2
BRDA:132,0,1,0
BRDA:138,0,0,0
BRDA:138,0,1,4
BRDA:141,0,0,4
BRDA:141,0,1,0
BRDA:141,0,2,4
BRDA:141,0,3,0
BRDA:141,0,4,0
BRDA:141,0,5,4
BRDA:141,0,6,0
BRDA:141,0,7,4
BRDA:142,0,0,-
BRDA:142,0,1,-
BRDA:143,0,0,-
BRDA:143,0,1,-
BRDA:144,0,0,-
BRDA:144,0,1,-
BRDA:147,0,0,-
BRDA:147,0,1,-
BRDA:148,0,0,-
BRDA:148,0,1,-
BRDA:149,0,0,-
BRDA:149,0,1,-
BRDA:158,0,0,4
BRDA:158,0,1,0
BRDA:158,0,2,4
BRDA:158,0,3,0
BRDA:159,0,0,4
BRDA:159,0,1,0
BRDA:161,0,0,0
BRDA:161,0,1,4
BRDA:169,0,0,4
BRDA:169,0,1,0
BRDA:172,0,0,4
BRDA:172,0,1,0
BRDA:174,0,0,4
BRDA:174,0,1,0
BRDA:175,0,0,4
BRDA:175,0,1,0
BRDA:180,0,0,4
BRDA:180,0,1,0
BRDA:180,0,2,4
BRDA:180,0,3,0
BRDA:180,0,4,0
BRDA:180,0,5,4
BRDA:180,0,6,0
BRDA:180,0,7,0
BRDA:180,0,8,0
BRDA:180,0,9,4
BRDA:181,0,0,-
BRDA:181,0,1,-
BRDA:182,0,0,-
BRDA:182,0,1,-
BRDA:196,0,0,3
BRDA:196,0,1,1
BRDA:197,0,0,3
BRDA:197,0,1,0
BRDA:201,0,0,-
BRDA:201,0,1,-
BRDA:203,0,0,-
BRDA:203,0,1,-
BRDA:206,0,0,4
BRDA:206,0,1,0
BRDA:209,0,0,4
BRDA:209,0,1,0
BRDA:210,0,0,4
BRDA:210,0,1,0
BRDA:213,0,0,3
BRDA:213,0,1,1
BRDA:214,0,0,3
BRDA:214,0,1,0
BRDA:215,0,0,3
BRDA:215,0,1,0
BRDA:218,0,0,1
BRDA:218,0,1,0
BRDA:219,0,0,1
BRDA:219,0,1,0
BRDA:222,0,0,1
BRDA:222,0,1,0
BRDA:223,0,0,1
BRDA:223,0,1,0
BRDA:224,0,0,1
BRDA:224,0,1,0
BRDA:227,0,0,4
BRDA:227,0,1,0
BRDA:230,0,0,0
BRDA:230,0,1,2
BRDA:235,0,0,2
BRDA:235,0,1,0
BRDA:235,0,2,2
BRDA:235,0,3,0
BRDA:236,0,0,2
BRDA:236,0,1,0
BRDA:238,0,0,0
BRDA:238,0,1,2
BRDA:241,0,0,2
BRDA:241,0,1,0
BRDA:241,0,2,2
BRDA:241,0,3,0
BRDA:242,0,0,2
BRDA:242,0,1,0
BRDA:243,0,0,2
BRDA:243,0,1,0
BRDA:246,0,0,2
BRDA:246,0,1,0
BRDA:247,0,0,2
BRDA:247,0,1,0
BRDA:247,0,2,2
BRDA:247,0,3,0
BRDA:253,0,0,-
BRDA:253,0,1,-
BRDA:253,0,2,-
BRDA:253,0,3,-
BRDA:253,0,4,-
BRDA:253,0,5,-
BRDA:260,0,0,-
BRDA:260,0,1,-
BRDA:261,0,0,-
BRDA:261,0,1,-
BRDA:264,0,0,2
BRDA:264,0,1,0
BRDA:266,0,0,2
BRDA:266,0,1,0
BRDA:267,0,0,2
BRDA:267,0,1,0
BRDA:268,0,0,2
BRDA:268,0,1,0
BRDA:270,0,0,2
BRDA:270,0,1,0
BRDA:273,0,0,0
BRDA:273,0,1,14
BRDA:277,0,0,14
BRDA:277,0,1,0
BRDA:277,0,2,14
BRDA:277,0,3,0
BRDA:278,0,0,14
BRDA:278,0,1,0
BRDA:279,0,0,14
BRDA:279,0,1,0
BRDA:281,0,0,14
BRDA:281,0,1,0
BRDA:283,0,0,14
BRDA:283,0,1,0
BRDA:283,0,2,5
BRDA:283,0,3,9
BRDA:283,0,4,5
BRDA:283,0,5,0
BRDA:283,0,6,5
BRDA:283,0,7,9
BRDA:284,0,0,5
BRDA:284,0,1,0
BRDA:288,0,0,14
BRDA:288,0,1,0
BRDA:292,0,0,14
BRDA:292,0,1,0
BRDA:293,0,0,14
BRDA:293,0,1,0
BRDA:294,0,0,14
BRDA:294,0,1,0
BRDA:299,0,0,1
BRDA:299,0,1,0
BRDA:305,0,0,0
BRDA:305,0,1,1
BRDA:307,0,0,1
BRDA:307,0,1,0
BRDA:308,0,0,0
BRDA:308,0,1,1
BRDA:313,0,0,1
BRDA:313,0,1,0
BRDA:313,0,2,1
BRDA:313,0,3,0
BRDA:314,0,0,1
BRDA:314,0,1,0
BRDA:316,0,0,0
BRDA:316,0,1,1
BRDA:317,0,0,-
BRDA:317,0,1,-
BRDA:320,0,0,-
BRDA:320,0,1,-
BRDA:321,0,0,-
BRDA:321,0,1,-
BRDA:321,0,2,-
BRDA:321,0,3,-
BRDA:321,0,4,-
BRDA:321,0,5,-
BRDA:322,0,0,-
BRDA:322,0,1,-
BRDA:323,0,0,-
BRDA:323,0,1,-
BRDA:324,0,0,-
BRDA:324,0,1,-
BRDA:326,0,0,-
BRDA:326,0,1,-
BRDA:333,0,0,1
BRDA:333,0,1,0
BRDA:336,0,0,1
BRDA:336,0,1,0
BRDA:341,0,0,0
BRDA:341,0,1,1
BRDA:348,0,0,1
BRDA:348,0,1,0
BRDA:349,0,0,1
BRDA:349,0,1,0
BRDA:351,0,0,1
BRDA:351,0,1,0
BRDA:354,0,0,0
BRDA:354,0,1,3
BRDA:358,0,0,3
BRDA:358,0,1,0
BRDA:359,0,0,5
BRDA:359,0,1,3
BRDA:360,0,0,5
BRDA:360,0,1,0
BRDA:361,0,0,5
BRDA:361,0,1,0
BRDA:361,0,2,5
BRDA:361,0,3,0
BRDA:368,0,0,3
BRDA:368,0,1,0
BRDA:368,0,2,3
BRDA:368,0,3,0
BRDA:369,0,0,3
BRDA:369,0,1,0
BRDA:372,0,0,5
BRDA:372,0,1,3
BRDA:373,0,0,5
BRDA:373,0,1,0
BRDA:377,0,0,3
BRDA:377,0,1,0
BRDA:385,0,0,3
BRDA:385,0,1,0
BRDA:386,0,0,3
BRDA:386,0,1,0
BRDA:390,0,0,3
BRDA:390,0,1,0
BRDA:391,0,0,3
BRDA:391,0,1,0
BRDA:393,0,0,-
BRDA:393,0,1,-
BRDA:398,0,0,0
BRDA:398,0,1,1
BRDA:401,0,0,1
BRDA:401,0,1,0
BRDA:402,0,0,1
BRDA:402,0,1,1
BRDA:403,0,0,1
BRDA:403,0,1,0
BRDA:404,0,0,1
BRDA:404,0,1,0
BRDA:404,0,2,1
BRDA:404,0,3,0
BRDA:407,0,0,0
BRDA:407,0,1,1
BRDA:412,0,0,1
BRDA:412,0,1,0
BRDA:412,0,2,1
BRDA:412,0,3,0
BRDA:413,0,0,1
BRDA:413,0,1,0
BRDA:417,0,0,1
BRDA:417,0,1,1
BRDA:418,0,0,1
BRDA:418,0,1,0
BRDA:421,0,0,0
BRDA:421,0,1,1
BRDA:428,0,0,1
BRDA:428,0,1,0
BRDA:429,0,0,1
BRDA:429,0,1,0
BRDA:431,0,0,1
BRDA:431,0,1,0
BRDA:434,0,0,0
BRDA:434,0,1,1
BRDA:440,0,0,1
BRDA:440,0,1,0
BRDA:440,0,2,1
BRDA:440,0,3,0
BRDA:443,0,0,1
BRDA:443,0,1,0
BRDA:444,0,0,1
BRDA:444,0,1,0
BRDA:447,0,0,2
BRDA:447,0,1,1
BRDA:448,0,0,2
BRDA:448,0,1,0
BRDA:452,0,0,1
BRDA:452,0,1,0
BRDA:453,0,0,1
BRDA:453,0,1,0
BRDA:453,0,2,1
BRDA:453,0,3,0
BRDA:453,0,4,1
BRDA:453,0,5,0
BRDA:455,0,0,1
BRDA:455,0,1,0
BRDA:456,0,0,1
BRDA:456,0,1,0
BRDA:459,0,0,-
BRDA:459,0,1,-
BRDA:468,0,0,1
BRDA:468,0,1,0
BRDA:469,0,0,1
BRDA:469,0,1,0
BRDA:472,0,0,1
BRDA:472,0,1,0
BRDA:473,0,0,1
BRDA:473,0,1,0
BRDA:474,0,0,1
BRDA:474,0,1,0
BRDA:476,0,0,-
BRDA:476,0,1,-
BRDA:481,0,0,0
BRDA:481,0,1,40
BRDA:482,0,0,40
BRDA:482,0,1,0
BRDA:482,0,2,40
BRDA:482,0,3,0
BRDA:483,0,0,40
BRDA:483,0,1,0
BRDA:487,0,0,0
BRDA:487,0,1,40
BRDA:490,0,0,18
BRDA:490,0,1,22
BRDA:490,0,2,0
BRDA:490,0,3,18
BRDA:490,0,4,22
BRDA:490,0,5,18
BRDA:495,0,0,20
BRDA:495,0,1,0
BRDA:496,0,0,18
BRDA:496,0,1,2
BRDA:506,0,0,14
BRDA:506,0,1,0
BRDA:507,0,0,14
BRDA:507,0,1,0
BRDA:507,0,2,0
BRDA:507,0,3,14
BRDA:507,0,4,0
BRDA:507,0,5,14
BRDA:511,0,0,14
BRDA:511,0,1,0
BRDA:525,0,0,1
BRDA:525,0,1,0
BRDA:525,0,2,0
BRDA:525,0,3,1
BRDA:525,0,4,0
BRDA:525,0,5,1
BRDA:531,0,0,1
BRDA:531,0,1,0
BRDA:531,0,2,1
BRDA:531,0,3,0
BRDA:532,0,0,1
BRDA:532,0,1,0
BRDA:534,0,0,0
BRDA:534,0,1,1
BRDA:536,0,0,-
BRDA:536,0,1,-
BRDA:536,0,2,-
BRDA:536,0,3,-
BRDA:536,0,4,-
BRDA:536,0,5,-
BRDA:539,0,0,-
BRDA:539,0,1,-
BRDA:544,0,0,-
BRDA:544,0,1,-
BRDA:546,0,0,-
BRDA:546,0,1,-
BRDA:549,0,0,-
BRDA:549,0,1,-
BRDA:550,0,0,-
BRDA:550,0,1,-
BRDA:558,0,0,-
BRDA:558,0,1,-
BRDA:563,0,0,0
BRDA:563,0,1,1
BRDA:563,0,2,0
BRDA:563,0,3,0
BRDA:563,0,4,0
BRDA:563,0,5,1
BRDA:567,0,0,-
BRDA:567,0,1,-
BRDA:568,0,0,-
BRDA:568,0,1,-
BRDA:572,0,0,-
BRDA:572,0,1,-
BRDA:573,0,0,-
BRDA:573,0,1,-
BRDA:574,0,0,-
BRDA:574,0,1,-
BRDA:579,0,0,-
BRDA:579,0,1,-
BRDA:580,0,0,-
BRDA:580,0,1,-
BRDA:581,0,0,-
BRDA:581,0,1,-
BRDA:587,0,0,1
BRDA:587,0,1,0
BRDA:592,0,0,1
BRDA:592,0,1,0
BRDA:598,0,0,0
BRDA:598,0,1,1
BRDA:601,0,0,1
BRDA:601,0,1,0
BRF:504
BRH:221
DA:13,84
DA:18,84
DA:19,84
DA:20,84
DA:21,84
DA:22,84
DA:23,168
DA:26,84
DA:27,84
DA:29,84
DA:31,34
DA:32,34
DA:33,0
DA:36,34
DA:38,34
DA:39,34
DA:41,34
DA:42,34
DA:43,34
DA:45,34
DA:46,41
DA:47,37
DA:48,30
DA:49,30
DA:50,30
DA:52,30
DA:54,7
DA:56,34
DA:63,34
DA:66,31
DA:67,31
DA:70,31
DA:71,31
DA:73,31
DA:74,28
DA:75,2
DA:76,2
DA:77,2
DA:78,2
DA:79,3
DA:80,0
DA:81,0
DA:82,0
DA:83,0
DA:84,0
DA:85,31
DA:87,31
DA:88,0
DA:89,0
DA:93,31
DA:94,31
DA:95,31
DA:100,31
DA:101,31
DA:102,28
DA:103,28
DA:105,31
DA:107,31
DA:110,28
DA:111,1
DA:115,31
DA:116,28
DA:117,1
DA:121,28
DA:123,31
DA:125,2
DA:126,2
DA:127,2
DA:129,2
DA:131,2
DA:132,2
DA:133,2
DA:135,2
DA:137,4
DA:138,4
DA:141,4
DA:142,0
DA:143,0
DA:144,0
DA:147,0
DA:148,0
DA:149,0
DA:151,0
DA:154,4
DA:155,4
DA:158,4
DA:159,4
DA:161,4
DA:169,4
DA:172,4
DA:174,4
DA:175,4
DA:180,4
DA:181,0
DA:182,0
DA:183,0
DA:184,0
DA:186,0
DA:191,4
DA:193,4
DA:196,4
DA:197,3
DA:199,4
DA:201,0
DA:202,0
DA:203,0
DA:206,4
DA:209,4
DA:210,4
DA:213,4
DA:214,3
DA:215,3
DA:218,1
DA:219,1
DA:222,1
DA:223,1
DA:224,1
DA:227,4
DA:229,2
DA:230,2
DA:232,2
DA:235,2
DA:236,2
DA:238,2
DA:241,2
DA:242,2
DA:243,2
DA:245,2
DA:246,2
DA:247,2
DA:248,2
DA:249,2
DA:253,0
DA:254,0
DA:255,0
DA:257,0
DA:260,0
DA:261,0
DA:264,2
DA:266,2
DA:267,2
DA:268,2
DA:270,2
DA:272,14
DA:273,14
DA:275,14
DA:277,14
DA:278,14
DA:279,14
DA:281,14
DA:283,14
DA:284,5
DA:287,14
DA:288,14
DA:290,14
DA:292,14
DA:293,14
DA:294,14
DA:296,14
DA:298,1
DA:299,1
DA:300,1
DA:302,1
DA:304,1
DA:305,1
DA:307,1
DA:308,1
DA:310,1
DA:313,1
DA:314,1
DA:316,1
DA:317,0
DA:318,0
DA:320,0
DA:321,0
DA:322,0
DA:323,0
DA:324,0
DA:326,0
DA:332,1
DA:333,1
DA:334,1
DA:336,1
DA:341,1
DA:342,0
DA:345,1
DA:346,1
DA:348,1
DA:349,1
DA:351,1
DA:353,3
DA:354,3
DA:357,3
DA:358,3
DA:359,8
DA:360,5
DA:361,5
DA:362,5
DA:364,3
DA:368,3
DA:369,3
DA:371,3
DA:372,8
DA:373,5
DA:377,3
DA:378,3
DA:380,0
DA:382,3
DA:383,3
DA:385,3
DA:386,3
DA:390,3
DA:391,3
DA:393,0
DA:395,3
DA:397,1
DA:398,1
DA:400,1
DA:401,1
DA:402,2
DA:403,1
DA:404,1
DA:405,1
DA:407,1
DA:409,1
DA:412,1
DA:413,1
DA:415,1
DA:417,2
DA:418,1
DA:421,1
DA:422,0
DA:425,1
DA:426,1
DA:428,1
DA:429,1
DA:431,1
DA:433,1
DA:434,1
DA:436,1
DA:437,1
DA:440,1
DA:443,1
DA:444,1
DA:446,1
DA:447,3
DA:448,2
DA:452,1
DA:453,1
DA:454,1
DA:455,1
DA:456,1
DA:458,0
DA:459,0
DA:462,0
DA:465,1
DA:466,1
DA:468,1
DA:469,1
DA:472,1
DA:473,1
DA:474,1
DA:476,0
DA:478,1
DA:480,40
DA:481,40
DA:482,40
DA:483,40
DA:484,40
DA:486,40
DA:487,40
DA:488,40
DA:490,40
DA:491,22
DA:494,18
DA:495,20
DA:496,20
DA:497,18
DA:499,2
DA:501,0
DA:505,14
DA:506,14
DA:507,14
DA:508,0
DA:510,14
DA:511,14
DA:512,14
DA:515,0
DA:516,0
DA:517,0
DA:520,32
DA:521,32
DA:524,1
DA:525,1
DA:527,1
DA:528,1
DA:531,1
DA:532,1
DA:534,1
DA:536,0
DA:538,0
DA:539,0
DA:540,0
DA:544,0
DA:545,0
DA:546,0
DA:549,0
DA:550,0
DA:552,0
DA:555,0
DA:557,0
DA:558,0
DA:561,1
DA:563,1
DA:565,0
DA:566,0
DA:567,0
DA:568,0
DA:572,0
DA:573,0
DA:574,0
DA:577,0
DA:578,0
DA:579,0
DA:580,0
DA:581,0
DA:584,0
DA:585,0
DA:587,1
DA:589,1
DA:590,1
DA:592,1
DA:593,1
DA:597,1
DA:598,1
DA:600,1
DA:601,1
DA:602,1
DA:604,0
LF:339
LH:261
end_of_record
TN:
SF:/home/quan/QuanNTA1_MockProject/src/controller/appcontroller/PlaybackController.h
FN:39,_ZN10Controller22PlaybackControllerImplD0Ev
FN:39,_ZN10Controller22PlaybackControllerImplD2Ev
FNDA:84,_ZN10Controller22PlaybackControllerImplD0Ev
FNDA:84,_ZN10Controller22PlaybackControllerImplD2Ev
FNF:2
FNH:2
DA:39,168
LF:1
LH:1
end_of_record
TN:
SF:/home/quan/QuanNTA1_MockProject/src/controller/appcontroller/PlaylistManager.cpp
FN:20,_ZN10Controller19PlaylistManagerImplC2Ev
FN:22,_ZN10Controller19PlaylistManagerImplD0Ev
FN:22,_ZN10Controller19PlaylistManagerImplD2Ev
FN:26,_ZN10Controller19PlaylistManagerImpl16acquireMediaFileERKNSt7__cxx1112basic_stringIcSt11char_traitsIcESaIcEEE
FN:38,_ZN10Controller19PlaylistManagerImpl13addToPlaylistERKNSt7__cxx1112basic_stringIcSt11char_traitsIcESaIcEEE
FN:48,_ZN10Controller19PlaylistManagerImpl13clearPlaylistEv
FN:53,_ZNK10Controller19PlaylistManagerImpl15getPlaylistSizeEv
FN:58,_ZN10Controller19PlaylistManagerImpl13loadDirectoryERKNSt7__cxx1112basic_stringIcSt11char_traitsIcESaIcEEE
FN:67,_ZZN10Controller19PlaylistManagerImpl13loadDirectoryERKNSt7__cxx1112basic_stringIcSt11char_traitsIcESaIcEEEENKUlhE_clEh
FN:84,_ZNK10Controller19PlaylistManagerImpl12getTrackNameB5cxx11Em
FN:89,_ZNK10Controller19PlaylistManagerImpl12getTrackPathB5cxx11Em
FN:94,_ZNK10Controller19PlaylistManagerImpl14getTrackArtistB5cxx11Em
FN:99,_ZNK10Controller19PlaylistManagerImpl13getTrackAlbumB5cxx11Em
FN:104,_ZNK10Controller19PlaylistManagerImpl16getTrackDurationEm
FN:109,_ZNK10Controller19PlaylistManagerImpl16getTrackCoverArtEm
FN:115,_ZNK10Controller19PlaylistManagerImpl14getLibrarySizeEv
FN:120,_ZNK10Controller19PlaylistManagerImpl19getLibraryTrackNameB5cxx11Em
FN:126,_ZNK10Controller19PlaylistManagerImpl19getLibraryTrackPathB5cxx11Em
FN:132,_ZNK10Controller19PlaylistManagerImpl21getLibraryTrackArtistB5cxx11Em
FN:138,_ZNK10Controller19PlaylistManagerImpl20getLibraryTrackAlbumB5cxx11Em
FN:144,_ZNK10Controller19PlaylistManagerImpl23getLibraryTrackCoverArtEm
FN:150,_ZNK10Controller19PlaylistManagerImpl10getTrackAtEm
FN:160,_ZN10Controller19PlaylistManagerImpl14getPlaylistRefB5cxx11Ev
FN:164,_ZNK10Controller19PlaylistManagerImpl14getPlaylistRefB5cxx11Ev
FN:168,_ZN10Controller19PlaylistManagerImpl18getMusicLibraryRefEv
FN:172,_ZNK10Controller19PlaylistManagerImpl8getMutexEv
FN:176,_ZNK10Controller19PlaylistManagerImpl13findInLibraryERKNSt7__cxx1112basic_stringIcSt11char_traitsIcESaIcEEE
FN:186,_ZN10Controller19PlaylistManagerImpl15createMediaFileERKNSt7__cxx1112basic_stringIcSt11char_traitsIcESaIcEEE
FN:203,_ZZN10Controller19PlaylistManagerImpl15createMediaFileERKNSt7__cxx1112basic_stringIcSt11char_traitsIcESaIcEEEENKUlhE_clEh
FN:244,_ZN10Controller19PlaylistManagerImpl26setPlaylistUpdatedCallbackESt8functionIFvvEE
FN:249,_ZN10Controller19PlaylistManagerImpl21notifyPlaylistUpdatedEv
FN:262,_ZN10Controller19PlaylistManagerImpl18loadDirectoryAsyncERKNSt7__cxx1112basic_stringIcSt11char_traitsIcESaIcEEEm
FN:275,_ZZN10Controller19PlaylistManagerImpl18loadDirectoryAsyncERKNSt7__cxx1112basic_stringIcSt11char_traitsIcESaIcEEEmENKUlhE_clEh
FN:308,_ZZN10Controller19PlaylistManagerImpl18loadDirectoryAsyncERKNSt7__cxx1112basic_stringIcSt11char_traitsIcESaIcEEEmENKUlvE0_clEv
FN:330,_ZN10Controller19PlaylistManagerImpl16stopAsyncLoadingEv
FN:338,_ZNK10Controller19PlaylistManagerImpl9isLoadingEv
FN:342,_ZN10Controller19PlaylistManagerImpl23setLoadProgressCallbackESt8functionIFvmmEE
FNDA:2,_ZNK10Controller19PlaylistManagerImpl13getTrackAlbumB5cxx11Em
FNDA:379,_ZN10Controller19PlaylistManagerImpl14getPlaylistRefB5cxx11Ev
FNDA:328,_ZZN10Controller19PlaylistManagerImpl15createMediaFileERKNSt7__cxx1112basic_stringIcSt11char_traitsIcESaIcEEEENKUlhE_clEh
FNDA:2,_ZN10Controller19PlaylistManagerImpl23setLoadProgressCallbackESt8functionIFvmmEE
FNDA:3,_ZNK10Controller19PlaylistManagerImpl14getLibrarySizeEv
FNDA:2,_ZNK10Controller19PlaylistManagerImpl14getTrackArtistB5cxx11Em
FNDA:84,_ZN10Controller19PlaylistManagerImpl16acquireMediaFileERKNSt7__cxx1112basic_stringIcSt11char_traitsIcESaIcEEE
FNDA:57,_ZNK10Controller19PlaylistManagerImpl15getPlaylistSizeEv
FNDA:2,_ZNK10Controller19PlaylistManagerImpl12getTrackPathB5cxx11Em
FNDA:2,_ZNK10Controller19PlaylistManagerImpl19getLibraryTrackNameB5cxx11Em
FNDA:15,_ZNK10Controller19PlaylistManagerImpl10getTrackAtEm
FNDA:82,_ZN10Controller19PlaylistManagerImpl15createMediaFileERKNSt7__cxx1112basic_stringIcSt11char_traitsIcESaIcEEE
FNDA:119,_ZN10Controller19PlaylistManagerImplD2Ev
FNDA:1,_ZN10Controller19PlaylistManagerImpl18getMusicLibraryRefEv
FNDA:2,_ZNK10Controller19PlaylistManagerImpl16getTrackCoverArtEm
FNDA:2,_ZNK10Controller19PlaylistManagerImpl19getLibraryTrackPathB5cxx11Em
FNDA:248,_ZNK10Controller19PlaylistManagerImpl8getMutexEv
FNDA:90,_ZN10Controller19PlaylistManagerImpl13clearPlaylistEv
FNDA:1,_ZNK10Controller19PlaylistManagerImpl21getLibraryTrackArtistB5cxx11Em
FNDA:2,_ZNK10Controller19PlaylistManagerImpl9isLoadingEv
FNDA:0,_ZZN10Controller19PlaylistManagerImpl18loadDirectoryAsyncERKNSt7__cxx1112basic_stringIcSt11char_traitsIcESaIcEEEmENKUlvE0_clEv
FNDA:1,_ZNK10Controller19PlaylistManagerImpl20getLibraryTrackAlbumB5cxx11Em
FNDA:84,_ZNK10Controller19PlaylistManagerImpl13findInLibraryERKNSt7__cxx1112basic_stringIcSt11char_traitsIcESaIcEEE
FNDA:155,_ZN10Controller19PlaylistManagerImpl16stopAsyncLoadingEv
FNDA:119,_ZN10Controller19PlaylistManagerImplC2Ev
FNDA:84,_ZN10Controller19PlaylistManagerImplD0Ev
FNDA:4,_ZZN10Controller19PlaylistManagerImpl18loadDirectoryAsyncERKNSt7__cxx1112basic_stringIcSt11char_traitsIcESaIcEEEmENKUlhE_clEh
FNDA:1,_ZN10Controller19PlaylistManagerImpl18loadDirectoryAsyncERKNSt7__cxx1112basic_stringIcSt11char_traitsIcESaIcEEEm
FNDA:16,_ZN10Controller19PlaylistManagerImpl21notifyPlaylistUpdatedEv
FNDA:3,_ZN10Controller19PlaylistManagerImpl26setPlaylistUpdatedCallbackESt8functionIFvvEE
FNDA:3,_ZNK10Controller19PlaylistManagerImpl12getTrackNameB5cxx11Em
FNDA:1,_ZNK10Controller19PlaylistManagerImpl23getLibraryTrackCoverArtEm
FNDA:24,_ZZN10Controller19PlaylistManagerImpl13loadDirectoryERKNSt7__cxx1112basic_stringIcSt11char_traitsIcESaIcEEEENKUlhE_clEh
FNDA:0,_ZNK10Controller19PlaylistManagerImpl14getPlaylistRefB5cxx11Ev
FNDA:7,_ZN10Controller19PlaylistManagerImpl13loadDirectoryERKNSt7__cxx1112basic_stringIcSt11char_traitsIcESaIcEEE
FNDA:2,_ZNK10Controller19PlaylistManagerImpl16getTrackDurationEm
FNDA:59,_ZN10Controller19PlaylistManagerImpl13addToPlaylistERKNSt7__cxx1112basic_stringIcSt11char_traitsIcESaIcEEE
FNF:37
FNH:35
BRDA:28,0,0,82
BRDA:28,0,1,2
BRDA:29,0,0,82
BRDA:29,0,1,0
BRDA:30,0,0,82
BRDA:30,0,1,0
BRDA:31,0,0,82
BRDA:31,0,1,0
BRDA:32,0,0,82
BRDA:32,0,1,0
BRDA:39,0,0,59
BRDA:39,0,1,0
BRDA:42,0,0,59
BRDA:42,0,1,0
BRDA:43,0,0,59
BRDA:43,0,1,0
BRDA:44,0,0,59
BRDA:44,0,1,0
BRDA:49,0,0,90
BRDA:49,0,1,0
BRDA:54,0,0,57
BRDA:54,0,1,0
BRDA:63,0,0,7
BRDA:63,0,1,0
BRDA:63,0,2,6
BRDA:63,0,3,1
BRDA:63,0,4,7
BRDA:63,0,5,0
BRDA:63,0,6,7
BRDA:63,0,7,6
BRDA:64,0,0,7
BRDA:64,0,1,0
BRDA:64,0,2,6
BRDA:64,0,3,1
BRDA:65,0,0,6
BRDA:65,0,1,0
BRDA:65,0,2,6
BRDA:65,0,3,0
BRDA:69,0,0,0
BRDA:69,0,1,6
BRDA:69,0,2,0
BRDA:69,0,3,0
BRDA:69,0,4,0
BRDA:69,0,5,0
BRDA:69,0,6,0
BRDA:69,0,7,0
BRDA:69,0,8,6
BRDA:69,0,9,0
BRDA:72,0,0,6
BRDA:72,0,1,0
BRDA:72,0,2,6
BRDA:72,0,3,0
BRDA:77,0,0,0
BRDA:77,0,1,1
BRDA:85,0,0,3
BRDA:85,0,1,0
BRDA:86,0,0,2
BRDA:86,0,1,1
BRDA:86,0,2,2
BRDA:86,0,3,0
BRDA:86,0,4,1
BRDA:86,0,5,0
BRDA:86,0,6,1
BRDA:86,0,7,2
BRDA:86,0,8,0
BRDA:86,0,9,0
BRDA:90,0,0,2
BRDA:90,0,1,0
BRDA:91,0,0,2
BRDA:91,0,1,0
BRDA:91,0,2,2
BRDA:91,0,3,0
BRDA:91,0,4,0
BRDA:91,0,5,0
BRDA:91,0,6,0
BRDA:91,0,7,2
BRDA:91,0,8,0
BRDA:91,0,9,0
BRDA:95,0,0,2
BRDA:95,0,1,0
BRDA:96,0,0,2
BRDA:96,0,1,0
BRDA:96,0,2,2
BRDA:96,0,3,0
BRDA:96,0,4,0
BRDA:96,0,5,0
BRDA:96,0,6,0
BRDA:96,0,7,2
BRDA:96,0,8,0
BRDA:96,0,9,0
BRDA:100,0,0,2
BRDA:100,0,1,0
BRDA:101,0,0,2
BRDA:101,0,1,0
BRDA:101,0,2,2
BRDA:101,0,3,0
BRDA:101,0,4,0
BRDA:101,0,5,0
BRDA:101,0,6,0
BRDA:101,0,7,2
BRDA:101,0,8,0
BRDA:101,0,9,0
BRDA:105,0,0,2
BRDA:105,0,1,0
BRDA:106,0,0,2
BRDA:106,0,1,0
BRDA:106,0,2,2
BRDA:106,0,3,0
BRDA:110,0,0,2
BRDA:110,0,1,0
BRDA:111,0,0,2
BRDA:111,0,1,0
BRDA:111,0,2,2
BRDA:111,0,3,0
BRDA:111,0,4,2
BRDA:111,0,5,0
BRDA:116,0,0,3
BRDA:116,0,1,0
BRDA:121,0,0,2
BRDA:121,0,1,0
BRDA:122,0,0,1
BRDA:122,0,1,1
BRDA:122,0,2,1
BRDA:122,0,3,0
BRDA:123,0,0,1
BRDA:123,0,1,0
BRDA:127,0,0,2
BRDA:127,0,1,0
BRDA:128,0,0,1
BRDA:128,0,1,1
BRDA:128,0,2,1
BRDA:128,0,3,0
BRDA:129,0,0,1
BRDA:129,0,1,0
BRDA:133,0,0,1
BRDA:133,0,1,0
BRDA:134,0,0,0
BRDA:134,0,1,1
BRDA:134,0,2,0
BRDA:134,0,3,0
BRDA:135,0,0,1
BRDA:135,0,1,0
BRDA:139,0,0,1
BRDA:139,0,1,0
BRDA:140,0,0,0
BRDA:140,0,1,1
BRDA:140,0,2,0
BRDA:140,0,3,0
BRDA:141,0,0,1
BRDA:141,0,1,0
BRDA:145,0,0,1
BRDA:145,0,1,0
BRDA:146,0,0,0
BRDA:146,0,1,1
BRDA:147,0,0,1
BRDA:147,0,1,0
BRDA:147,0,2,1
BRDA:147,0,3,0
BRDA:151,0,0,15
BRDA:151,0,1,0
BRDA:152,0,0,2
BRDA:152,0,1,13
BRDA:156,0,0,13
BRDA:156,0,1,0
BRDA:177,0,0,84
BRDA:177,0,1,0
BRDA:178,0,0,31
BRDA:178,0,1,82
BRDA:179,0,0,31
BRDA:179,0,1,0
BRDA:179,0,2,2
BRDA:179,0,3,29
BRDA:187,0,0,82
BRDA:187,0,1,0
BRDA:189,0,0,82
BRDA:189,0,1,0
BRDA:190,0,0,82
BRDA:190,0,1,0
BRDA:193,0,0,82
BRDA:193,0,1,0
BRDA:194,0,0,82
BRDA:194,0,1,0
BRDA:200,0,0,82
BRDA:200,0,1,0
BRDA:201,0,0,82
BRDA:201,0,1,0
BRDA:206,0,0,82
BRDA:206,0,1,0
BRDA:207,0,0,82
BRDA:207,0,1,0
BRDA:207,0,2,38
BRDA:207,0,3,44
BRDA:207,0,4,38
BRDA:207,0,5,0
BRDA:207,0,6,38
BRDA:207,0,7,0
BRDA:207,0,8,38
BRDA:207,0,9,44
BRDA:208,0,0,38
BRDA:208,0,1,0
BRDA:210,0,0,38
BRDA:210,0,1,0
BRDA:210,0,2,38
BRDA:210,0,3,0
BRDA:210,0,4,0
BRDA:210,0,5,38
BRDA:210,0,6,0
BRDA:210,0,7,0
BRDA:210,0,8,0
BRDA:210,0,9,0
BRDA:210,0,10,0
BRDA:210,0,11,0
BRDA:211,0,0,38
BRDA:211,0,1,0
BRDA:211,0,2,38
BRDA:211,0,3,0
BRDA:211,0,4,0
BRDA:211,0,5,38
BRDA:211,0,6,0
BRDA:211,0,7,0
BRDA:211,0,8,0
BRDA:211,0,9,0
BRDA:211,0,10,0
BRDA:211,0,11,0
BRDA:213,0,0,38
BRDA:213,0,1,0
BRDA:213,0,2,38
BRDA:213,0,3,0
BRDA:214,0,0,38
BRDA:214,0,1,0
BRDA:214,0,2,38
BRDA:214,0,3,0
BRDA:217,0,0,38
BRDA:217,0,1,0
BRDA:218,0,0,38
BRDA:218,0,1,0
BRDA:218,0,2,38
BRDA:218,0,3,0
BRDA:219,0,0,38
BRDA:219,0,1,0
BRDA:219,0,2,38
BRDA:219,0,3,0
BRDA:219,0,4,38
BRDA:219,0,5,0
BRDA:219,0,6,38
BRDA:219,0,7,0
BRDA:220,0,0,38
BRDA:220,0,1,0
BRDA:221,0,0,38
BRDA:221,0,1,0
BRDA:221,0,2,38
BRDA:221,0,3,0
BRDA:221,0,4,38
BRDA:221,0,5,0
BRDA:223,0,0,0
BRDA:223,0,1,38
BRDA:225,0,0,-
BRDA:225,0,1,-
BRDA:225,0,2,-
BRDA:225,0,3,-
BRDA:226,0,0,-
BRDA:226,0,1,-
BRDA:227,0,0,-
BRDA:227,0,1,-
BRDA:228,0,0,-
BRDA:228,0,1,-
BRDA:228,0,2,-
BRDA:228,0,3,-
BRDA:228,0,4,-
BRDA:228,0,5,-
BRDA:228,0,6,-
BRDA:228,0,7,-
BRDA:228,0,8,-
BRDA:228,0,9,-
BRDA:229,0,0,-
BRDA:229,0,1,-
BRDA:229,0,2,-
BRDA:229,0,3,-
BRDA:230,0,0,-
BRDA:230,0,1,-
BRDA:231,0,0,-
BRDA:231,0,1,-
BRDA:231,0,2,-
BRDA:231,0,3,-
BRDA:239,0,0,38
BRDA:239,0,1,44
BRDA:241,0,0,82
BRDA:241,0,1,0
BRDA:245,0,0,3
BRDA:245,0,1,0
BRDA:246,0,0,3
BRDA:246,0,1,0
BRDA:253,0,0,16
BRDA:253,0,1,0
BRDA:254,0,0,16
BRDA:254,0,1,0
BRDA:256,0,0,4
BRDA:256,0,1,12
BRDA:257,0,0,4
BRDA:257,0,1,0
BRDA:264,0,0,1
BRDA:264,0,1,0
BRDA:266,0,0,1
BRDA:266,0,1,0
BRDA:266,0,2,1
BRDA:266,0,3,0
BRDA:266,0,4,1
BRDA:266,0,5,0
BRDA:271,0,0,1
BRDA:271,0,1,0
BRDA:271,0,2,1
BRDA:271,0,3,0
BRDA:271,0,4,1
BRDA:271,0,5,0
BRDA:271,0,6,1
BRDA:271,0,7,1
BRDA:272,0,0,1
BRDA:272,0,1,0
BRDA:272,0,2,1
BRDA:272,0,3,0
BRDA:273,0,0,1
BRDA:273,0,1,0
BRDA:273,0,2,1
BRDA:273,0,3,0
BRDA:277,0,0,0
BRDA:277,0,1,1
BRDA:277,0,2,0
BRDA:277,0,3,0
BRDA:277,0,4,0
BRDA:277,0,5,0
BRDA:277,0,6,0
BRDA:277,0,7,0
BRDA:277,0,8,1
BRDA:277,0,9,0
BRDA:278,0,0,1
BRDA:278,0,1,0
BRDA:278,0,2,1
BRDA:278,0,3,0
BRDA:282,0,0,0
BRDA:282,0,1,0
BRDA:283,0,0,0
BRDA:283,0,1,0
BRDA:283,0,2,0
BRDA:283,0,3,0
BRDA:283,0,4,0
BRDA:283,0,5,0
BRDA:288,0,0,1
BRDA:288,0,1,0
BRDA:288,0,2,1
BRDA:288,0,3,0
BRDA:288,0,4,1
BRDA:288,0,5,0
BRDA:288,0,6,1
BRDA:288,0,7,0
BRDA:292,0,0,1
BRDA:292,0,1,1
BRDA:293,0,0,1
BRDA:293,0,1,0
BRDA:296,0,0,1
BRDA:296,0,1,0
BRDA:296,0,2,1
BRDA:296,0,3,0
BRDA:296,0,4,1
BRDA:296,0,5,0
BRDA:296,0,6,1
BRDA:296,0,7,0
BRDA:299,0,0,0
BRDA:299,0,1,1
BRDA:300,0,0,-
BRDA:300,0,1,-
BRDA:304,0,0,0
BRDA:304,0,1,1
BRDA:308,0,0,-
BRDA:308,0,1,-
BRDA:308,0,2,-
BRDA:308,0,3,-
BRDA:311,0,0,-
BRDA:311,0,1,-
BRDA:311,0,2,-
BRDA:311,0,3,-
BRDA:311,0,4,-
BRDA:311,0,5,-
BRDA:316,0,0,-
BRDA:316,0,1,-
BRDA:316,0,2,-
BRDA:316,0,3,-
BRDA:317,0,0,-
BRDA:317,0,1,-
BRDA:328,0,0,1
BRDA:328,0,1,0
BRDA:332,0,0,0
BRDA:332,0,1,155
BRF:392
BRH:165
DA:20,119
DA:22,203
DA:23,119
DA:24,203
DA:26,84
DA:27,84
DA:28,84
DA:29,82
DA:30,82
DA:31,82
DA:32,82
DA:33,82
DA:35,84
DA:36,0
DA:38,59
DA:39,59
DA:42,59
DA:43,59
DA:44,59
DA:45,59
DA:46,59
DA:48,90
DA:49,90
DA:50,90
DA:51,90
DA:53,57
DA:54,57
DA:55,114
DA:56,57
DA:58,7
DA:59,7
DA:60,7
DA:63,27
DA:64,7
DA:65,6
DA:66,6
DA:67,24
DA:69,6
DA:72,6
DA:73,6
DA:75,6
DA:76,6
DA:77,1
DA:79,1
DA:81,7
DA:84,3
DA:85,3
DA:86,6
DA:87,3
DA:89,2
DA:90,2
DA:91,4
DA:92,2
DA:94,2
DA:95,2
DA:96,4
DA:97,2
DA:99,2
DA:100,2
DA:101,4
DA:102,2
DA:104,2
DA:105,2
DA:106,4
DA:107,2
DA:109,2
DA:110,2
DA:111,4
DA:112,2
DA:115,3
DA:116,3
DA:117,6
DA:118,3
DA:120,2
DA:121,2
DA:122,2
DA:123,1
DA:124,2
DA:126,2
DA:127,2
DA:128,2
DA:129,1
DA:130,2
DA:132,1
DA:133,1
DA:134,1
DA:135,1
DA:136,1
DA:138,1
DA:139,1
DA:140,1
DA:141,1
DA:142,1
DA:144,1
DA:145,1
DA:146,1
DA:147,1
DA:148,1
DA:150,15
DA:151,15
DA:152,15
DA:153,2
DA:155,13
DA:156,13
DA:157,13
DA:158,15
DA:160,379
DA:161,379
DA:164,0
DA:165,0
DA:168,1
DA:169,1
DA:172,248
DA:173,248
DA:176,84
DA:177,84
DA:178,113
DA:179,31
DA:180,2
DA:183,82
DA:184,84
DA:186,82
DA:187,82
DA:188,82
DA:189,82
DA:190,82
DA:193,82
DA:194,82
DA:195,82
DA:196,82
DA:198,82
DA:199,82
DA:200,82
DA:201,82
DA:202,82
DA:203,328
DA:206,82
DA:207,82
DA:208,38
DA:210,38
DA:211,38
DA:213,38
DA:214,38
DA:217,38
DA:218,38
DA:219,38
DA:220,38
DA:221,38
DA:223,38
DA:225,0
DA:226,0
DA:227,0
DA:228,0
DA:229,0
DA:230,0
DA:231,0
DA:233,0
DA:235,38
DA:239,82
DA:241,164
DA:242,82
DA:244,3
DA:245,3
DA:246,3
DA:247,3
DA:249,16
DA:251,16
DA:253,16
DA:254,16
DA:255,16
DA:256,16
DA:257,4
DA:259,16
DA:262,1
DA:264,1
DA:266,1
DA:269,1
DA:271,4
DA:272,1
DA:273,1
DA:274,1
DA:275,4
DA:277,1
DA:278,1
DA:280,1
DA:281,1
DA:282,0
DA:283,0
DA:284,0
DA:285,0
DA:287,1
DA:288,1
DA:291,1
DA:292,2
DA:293,1
DA:296,1
DA:299,1
DA:300,0
DA:304,1
DA:305,0
DA:306,0
DA:308,0
DA:309,0
DA:311,0
DA:312,0
DA:313,0
DA:316,0
DA:317,0
DA:318,0
DA:320,0
DA:324,0
DA:325,0
DA:326,0
DA:328,1
DA:330,155
DA:331,155
DA:332,155
DA:333,0
DA:335,155
DA:336,155
DA:338,2
DA:339,2
DA:342,2
DA:343,2
DA:344,2
LF:225
LH:194
end_of_record
TN:
SF:/home/quan/QuanNTA1_MockProject/src/controller/appcontroller/VolumeController.cpp
FN:13,_ZN10Controller20VolumeControllerImplC2ESt10shared_ptrINS_12IAudioPlayerEES1_IN5Model12IPlayerStateEE
FN:22,_ZN10Controller20VolumeControllerImpl9setVolumeEi
FN:34,_ZNK10Controller20VolumeControllerImpl9getVolumeEv
FN:41,_ZN10Controller20VolumeControllerImpl10toggleMuteEv
FNDA:7,_ZN10Controller20VolumeControllerImpl9setVolumeEi
FNDA:3,_ZNK10Controller20VolumeControllerImpl9getVolumeEv
FNDA:2,_ZN10Controller20VolumeControllerImpl10toggleMuteEv
FNDA:84,_ZN10Controller20VolumeControllerImplC2ESt10shared_ptrINS_12IAudioPlayerEES1_IN5Model12IPlayerStateEE
FNF:4
FNH:4
BRDA:25,0,0,7
BRDA:25,0,1,0
BRDA:28,0,0,7
BRDA:28,0,1,0
BRDA:28,0,2,7
BRDA:28,0,3,0
BRDA:28,0,4,7
BRDA:28,0,5,0
BRDA:35,0,0,3
BRDA:35,0,1,0
BRDA:42,0,0,2
BRDA:42,0,1,0
BRDA:42,0,2,0
BRDA:42,0,3,2
BRDA:42,0,4,0
BRDA:42,0,5,2
BRDA:48,0,0,1
BRDA:48,0,1,1
BRF:18
BRH:10
DA:13,84
DA:16,84
DA:17,84
DA:18,84
DA:19,84
DA:20,84
DA:22,7
DA:23,7
DA:25,7
DA:26,7
DA:28,7
DA:29,7
DA:32,7
DA:34,3
DA:35,3
DA:36,3
DA:38,0
DA:41,2
DA:42,2
DA:43,0
DA:46,2
DA:48,2
DA:49,1
DA:50,1
DA:52,1
DA:53,1
LF:26
LH:24
end_of_record
TN:
SF:/home/quan/QuanNTA1_MockProject/src/controller/appcontroller/VolumeController.h
FN:30,_ZN10Controller20VolumeControllerImplD2Ev
FN:30,_ZN10Controller20VolumeControllerImplD0Ev
FNDA:84,_ZN10Controller20VolumeControllerImplD0Ev
FNDA:84,_ZN10Controller20VolumeControllerImplD2Ev
FNF:2
FNH:2
DA:30,168
LF:1
LH:1
end_of_record
TN:
SF:/home/quan/QuanNTA1_MockProject/src/controller/appcontroller/interfaces/IAppLifecycle.h
FN:39,_ZN10Controller13IAppLifecycleD2Ev
FN:39,_ZN10Controller13IAppLifecycleD0Ev
FNDA:84,_ZN10Controller13IAppLifecycleD2Ev
FNDA:0,_ZN10Controller13IAppLifecycleD0Ev
FNF:2
FNH:1
DA:39,84
LF:1
LH:1
end_of_record
TN:
SF:/home/quan/QuanNTA1_MockProject/src/controller/appcontroller/interfaces/IBoardCommunicator.h
FN:26,_ZN10Controller18IBoardCommunicatorD2Ev
FN:26,_ZN10Controller18IBoardCommunicatorD0Ev
FNDA:0,_ZN10Controller18IBoardCommunicatorD0Ev
FNDA:168,_ZN10Controller18IBoardCommunicatorD2Ev
FNF:2
FNH:1
DA:26,168
LF:1
LH:1
end_of_record
TN:
SF:/home/quan/QuanNTA1_MockProject/src/controller/appcontroller/interfaces/IHistoryManager.h
FN:29,_ZN10Controller15IHistoryManagerD0Ev
FN:29,_ZN10Controller15IHistoryManagerD2Ev
FNDA:0,_ZN10Controller15IHistoryManagerD0Ev
FNDA:180,_ZN10Controller15IHistoryManagerD2Ev
FNF:2
FNH:1
DA:29,180
LF:1
LH:1
end_of_record
TN:
SF:/home/quan/QuanNTA1_MockProject/src/controller/appcontroller/interfaces/IPlaybackController.h
FN:28,_ZN10Controller19IPlaybackControllerD0Ev
FN:28,_ZN10Controller19IPlaybackControllerD2Ev
FNDA:168,_ZN10Controller19IPlaybackControllerD2Ev
FNDA:0,_ZN10Controller19IPlaybackControllerD0Ev
FNF:2
FNH:1
DA:28,168
LF:1
LH:1
end_of_record
TN:
SF:/home/quan/QuanNTA1_MockProject/src/controller/appcontroller/interfaces/IPlaylistManager.h
FN:30,_ZN10Controller16IPlaylistManagerD2Ev
FN:30,_ZN10Controller16IPlaylistManagerD0Ev
FNDA:203,_ZN10Controller16IPlaylistManagerD2Ev
FNDA:0,_ZN10Controller16IPlaylistManagerD0Ev
FNF:2
FNH:1
DA:30,203
LF:1
LH:1
end_of_record
TN:
SF:/home/quan/QuanNTA1_MockProject/src/controller/appcontroller/interfaces/IVolumeController.h
FN:23,_ZN10Controller17IVolumeControllerD2Ev
FN:23,_ZN10Controller17IVolumeControllerD0Ev
FNDA:0,_ZN10Controller17IVolumeControllerD0Ev
FNDA:168,_ZN10Controller17IVolumeControllerD2Ev
FNF:2
FNH:1
DA:23,168
LF:1
LH:1
end_of_record
TN:
SF:/home/quan/QuanNTA1_MockProject/src/controller/audioplayer/AudioLifecycleImpl.cpp
FN:12,_ZN10Controller18AudioLifecycleImplC2Ev
FN:18,_ZN10Controller18AudioLifecycleImplD2Ev
FN:18,_ZN10Controller18AudioLifecycleImplD0Ev
FN:22,_ZN10Controller18AudioLifecycleImpl10initializeEv
FN:43,_ZN10Controller18AudioLifecycleImpl8shutdownEv
FN:60,_ZNK10Controller18AudioLifecycleImpl8getStateEv
FN:64,_ZN10Controller18AudioLifecycleImpl11setCallbackESt8functionIFvNS_10AudioStateEjEE
FN:69,_ZNK10Controller18AudioLifecycleImpl13isInitializedEv
FN:73,_ZN10Controller18AudioLifecycleImpl14notifyCallbackENS_10AudioStateEj
FN:84,_ZN10Controller18AudioLifecycleImpl8setStateENS_10AudioStateE
FN:88,_ZN10Controller18AudioLifecycleImpl8getMutexEv
FN:92,_ZNK10Controller18AudioLifecycleImpl11getCallbackEv
FNDA:1,_ZN10Controller18AudioLifecycleImpl11setCallbackESt8functionIFvNS_10AudioStateEjEE
FNDA:54,_ZN10Controller18AudioLifecycleImpl8setStateENS_10AudioStateE
FNDA:8,_ZN10Controller18AudioLifecycleImpl14notifyCallbackENS_10AudioStateEj
FNDA:9,_ZN10Controller18AudioLifecycleImpl10initializeEv
FNDA:15,_ZN10Controller18AudioLifecycleImplD0Ev
FNDA:0,_ZN10Controller18AudioLifecycleImpl8getMutexEv
FNDA:15,_ZN10Controller18AudioLifecycleImplC2Ev
FNDA:17,_ZNK10Controller18AudioLifecycleImpl8getStateEv
FNDA:0,_ZNK10Controller18AudioLifecycleImpl11getCallbackEv
FNDA:6,_ZNK10Controller18AudioLifecycleImpl13isInitializedEv
FNDA:15,_ZN10Controller18AudioLifecycleImplD2Ev
FNDA:39,_ZN10Controller18AudioLifecycleImpl8shutdownEv
FNF:12
FNH:10
BRDA:23,0,0,1
BRDA:23,0,1,8
BRDA:27,0,0,0
BRDA:27,0,1,8
BRDA:32,0,0,0
BRDA:32,0,1,8
BRDA:44,0,0,31
BRDA:44,0,1,8
BRDA:49,0,0,8
BRDA:49,0,1,0
BRDA:65,0,0,1
BRDA:65,0,1,0
BRDA:66,0,0,1
BRDA:66,0,1,0
BRDA:76,0,0,8
BRDA:76,0,1,0
BRDA:77,0,0,8
BRDA:77,0,1,0
BRDA:79,0,0,0
BRDA:79,0,1,8
BRDA:80,0,0,-
BRDA:80,0,1,-
BRDA:93,0,0,-
BRDA:93,0,1,-
BRDA:94,0,0,-
BRDA:94,0,1,-
BRF:26
BRH:12
DA:12,15
DA:13,15
DA:14,15
DA:15,30
DA:16,15
DA:18,30
DA:19,15
DA:20,30
DA:22,9
DA:23,9
DA:24,1
DA:27,8
DA:28,0
DA:29,0
DA:32,8
DA:33,0
DA:34,0
DA:35,0
DA:38,8
DA:39,8
DA:40,8
DA:43,39
DA:44,39
DA:45,31
DA:49,8
DA:50,8
DA:51,8
DA:53,8
DA:54,8
DA:56,8
DA:57,8
DA:60,17
DA:61,17
DA:64,1
DA:65,1
DA:66,1
DA:67,1
DA:69,6
DA:70,6
DA:73,8
DA:74,8
DA:76,8
DA:77,8
DA:78,8
DA:79,8
DA:80,0
DA:82,8
DA:84,54
DA:85,54
DA:86,54
DA:88,0
DA:89,0
DA:92,0
DA:93,0
DA:94,0
DA:95,0
LF:56
LH:44
end_of_record
TN:
SF:/home/quan/QuanNTA1_MockProject/src/controller/audioplayer/AudioLoaderImpl.cpp
FN:12,_ZN10Controller15AudioLoaderImplC2EPNS_18AudioLifecycleImplE
FN:18,_ZN10Controller15AudioLoaderImplD0Ev
FN:18,_ZN10Controller15AudioLoaderImplD2Ev
FN:22,_ZN10Controller15AudioLoaderImpl4loadERKNSt7__cxx1112basic_stringIcSt11char_traitsIcESaIcEEE
FN:47,_ZN10Controller15AudioLoaderImpl6unloadEv
FN:66,_ZNK10Controller15AudioLoaderImpl8isLoadedEv
FN:74,_ZNK10Controller15AudioLoaderImpl8getMusicEv
FN:79,_ZNK10Controller15AudioLoaderImpl18getCurrentFilePathB5cxx11Ev
FN:84,_ZNK10Controller15AudioLoaderImpl11getDurationEv
FNDA:6,_ZN10Controller15AudioLoaderImpl4loadERKNSt7__cxx1112basic_stringIcSt11char_traitsIcESaIcEEE
FNDA:15,_ZN10Controller15AudioLoaderImplD0Ev
FNDA:15,_ZN10Controller15AudioLoaderImplD2Ev
FNDA:45,_ZN10Controller15AudioLoaderImpl6unloadEv
FNDA:4,_ZNK10Controller15AudioLoaderImpl8isLoadedEv
FNDA:15,_ZN10Controller15AudioLoaderImplC2EPNS_18AudioLifecycleImplE
FNDA:1,_ZNK10Controller15AudioLoaderImpl11getDurationEv
FNDA:0,_ZNK10Controller15AudioLoaderImpl18getCurrentFilePathB5cxx11Ev
FNDA:34,_ZNK10Controller15AudioLoaderImpl8getMusicEv
FNF:9
FNH:8
BRDA:23,0,0,6
BRDA:23,0,1,0
BRDA:23,0,2,1
BRDA:23,0,3,5
BRDA:23,0,4,1
BRDA:23,0,5,5
BRDA:30,0,0,5
BRDA:30,0,1,0
BRDA:32,0,0,5
BRDA:32,0,1,0
BRDA:33,0,0,1
BRDA:33,0,1,4
BRDA:34,0,0,1
BRDA:34,0,1,0
BRDA:38,0,0,4
BRDA:38,0,1,0
BRDA:39,0,0,4
BRDA:39,0,1,0
BRDA:41,0,0,4
BRDA:41,0,1,1
BRDA:49,0,0,45
BRDA:49,0,1,0
BRDA:51,0,0,45
BRDA:51,0,1,0
BRDA:53,0,0,4
BRDA:53,0,1,41
BRDA:54,0,0,4
BRDA:54,0,1,0
BRDA:61,0,0,45
BRDA:61,0,1,0
BRDA:62,0,0,45
BRDA:62,0,1,0
BRDA:67,0,0,0
BRDA:67,0,1,4
BRDA:69,0,0,2
BRDA:69,0,1,0
BRDA:70,0,0,2
BRDA:70,0,1,2
BRDA:70,0,2,0
BRDA:70,0,3,2
BRDA:75,0,0,34
BRDA:75,0,1,0
BRDA:80,0,0,-
BRDA:80,0,1,-
BRDA:81,0,0,-
BRDA:81,0,1,-
BRF:46
BRH:27
DA:12,15
DA:13,15
DA:14,15
DA:15,15
DA:16,15
DA:18,30
DA:19,15
DA:20,30
DA:22,6
DA:23,6
DA:24,1
DA:27,5
DA:30,5
DA:32,5
DA:33,5
DA:34,1
DA:35,1
DA:38,4
DA:39,4
DA:40,4
DA:41,5
DA:43,4
DA:44,4
DA:47,45
DA:49,45
DA:51,45
DA:53,45
DA:54,4
DA:55,4
DA:58,45
DA:59,45
DA:61,45
DA:62,45
DA:64,45
DA:66,4
DA:67,4
DA:68,4
DA:69,2
DA:70,6
DA:71,4
DA:74,34
DA:75,34
DA:76,34
DA:77,34
DA:79,0
DA:80,0
DA:81,0
DA:82,0
DA:84,1
DA:85,2
LF:50
LH:46
end_of_record
TN:
SF:/home/quan/QuanNTA1_MockProject/src/controller/audioplayer/AudioPlaybackImpl.cpp
FN:14,_ZN10ControllerL15onMusicFinishedEv
FN:20,_ZN10Controller17AudioPlaybackImplC2EPNS_18AudioLifecycleImplEPNS_15AudioLoaderImplE
FN:30,_ZN10Controller17AudioPlaybackImplD0Ev
FN:30,_ZN10Controller17AudioPlaybackImplD2Ev
FN:35,_ZN10Controller17AudioPlaybackImpl4playEv
FN:54,_ZN10Controller17AudioPlaybackImpl5pauseEv
FN:63,_ZN10Controller17AudioPlaybackImpl4stopEv
FN:77,_ZN10Controller17AudioPlaybackImpl4seekEj
FN:84,_ZNK10Controller17AudioPlaybackImpl9isPlayingEv
FN:89,_ZNK10Controller17AudioPlaybackImpl11getPositionEv
FN:93,_ZNK10Controller17AudioPlaybackImpl11getDurationEv
FN:97,_ZN10Controller17AudioPlaybackImpl19setFinishedCallbackESt8functionIFvvEE
FN:102,_ZN10Controller17AudioPlaybackImpl19handleMusicFinishedEv
FNDA:0,_ZN10Controller17AudioPlaybackImpl19handleMusicFinishedEv
FNDA:1,_ZN10Controller17AudioPlaybackImpl5pauseEv
FNDA:15,_ZN10Controller17AudioPlaybackImplC2EPNS_18AudioLifecycleImplEPNS_15AudioLoaderImplE
FNDA:1,_ZNK10Controller17AudioPlaybackImpl9isPlayingEv
FNDA:15,_ZN10Controller17AudioPlaybackImplD0Ev
FNDA:15,_ZN10Controller17AudioPlaybackImplD2Ev
FNDA:32,_ZN10Controller17AudioPlaybackImpl4stopEv
FNDA:0,_ZN10Controller17AudioPlaybackImpl19setFinishedCallbackESt8functionIFvvEE
FNDA:1,_ZNK10Controller17AudioPlaybackImpl11getPositionEv
FNDA:0,_ZN10ControllerL15onMusicFinishedEv
FNDA:1,_ZNK10Controller17AudioPlaybackImpl11getDurationEv
FNDA:1,_ZN10Controller17AudioPlaybackImpl4playEv
FNDA:1,_ZN10Controller17AudioPlaybackImpl4seekEj
FNF:13
FNH:10
BRDA:15,0,0,-
BRDA:15,0,1,-
BRDA:27,0,0,15
BRDA:27,0,1,0
BRDA:36,0,0,1
BRDA:36,0,1,0
BRDA:36,0,2,0
BRDA:36,0,3,1
BRDA:39,0,0,1
BRDA:39,0,1,0
BRDA:43,0,0,-
BRDA:43,0,1,-
BRDA:45,0,0,-
BRDA:45,0,1,-
BRDA:45,0,2,-
BRDA:45,0,3,-
BRDA:45,0,4,-
BRDA:45,0,5,-
BRDA:55,0,0,1
BRDA:55,0,1,0
BRDA:55,0,2,0
BRDA:55,0,3,1
BRDA:56,0,0,1
BRDA:56,0,1,0
BRDA:64,0,0,32
BRDA:64,0,1,0
BRDA:64,0,2,0
BRDA:64,0,3,32
BRDA:65,0,0,28
BRDA:65,0,1,4
BRDA:71,0,0,4
BRDA:71,0,1,0
BRDA:78,0,0,1
BRDA:78,0,1,0
BRDA:78,0,2,1
BRDA:78,0,3,0
BRDA:78,0,4,1
BRDA:78,0,5,0
BRDA:85,0,0,0
BRDA:85,0,1,1
BRDA:86,0,0,0
BRDA:86,0,1,1
BRDA:86,0,2,0
BRDA:86,0,3,0
BRDA:94,0,0,1
BRDA:94,0,1,0
BRDA:98,0,0,-
BRDA:98,0,1,-
BRDA:99,0,0,-
BRDA:99,0,1,-
BRDA:103,0,0,-
BRDA:103,0,1,-
BRDA:105,0,0,-
BRDA:105,0,1,-
BRDA:106,0,0,-
BRDA:106,0,1,-
BRDA:107,0,0,-
BRDA:107,0,1,-
BRDA:112,0,0,-
BRDA:112,0,1,-
BRDA:113,0,0,-
BRDA:113,0,1,-
BRDA:115,0,0,-
BRDA:115,0,1,-
BRDA:116,0,0,-
BRDA:116,0,1,-
BRF:66
BRH:18
DA:14,0
DA:15,0
DA:16,0
DA:18,0
DA:20,15
DA:21,15
DA:22,15
DA:23,15
DA:24,15
DA:26,15
DA:27,15
DA:28,15
DA:30,30
DA:31,15
DA:32,15
DA:33,30
DA:35,1
DA:36,1
DA:38,1
DA:39,1
DA:41,0
DA:43,0
DA:44,0
DA:45,0
DA:47,0
DA:50,0
DA:51,0
DA:54,1
DA:55,1
DA:56,1
DA:58,0
DA:59,0
DA:60,0
DA:63,32
DA:64,32
DA:65,32
DA:67,4
DA:68,4
DA:69,4
DA:71,4
DA:72,4
DA:73,4
DA:77,1
DA:78,1
DA:80,0
DA:81,0
DA:84,1
DA:85,1
DA:86,1
DA:89,1
DA:90,1
DA:93,1
DA:94,1
DA:97,0
DA:98,0
DA:99,0
DA:100,0
DA:102,0
DA:103,0
DA:105,0
DA:106,0
DA:107,0
DA:110,0
DA:112,0
DA:113,0
DA:114,0
DA:115,0
DA:116,0
DA:118,0
LF:69
LH:37
end_of_record
TN:
SF:/home/quan/QuanNTA1_MockProject/src/controller/audioplayer/AudioVolumeImpl.cpp
FN:13,_ZN10Controller15AudioVolumeImplC2Ev
FN:17,_ZN10Controller15AudioVolumeImpl9setVolumeEi
FN:23,_ZNK10Controller15AudioVolumeImpl9getVolumeEv
FN:27,_ZNK10Controller15AudioVolumeImpl11volumeToSDLEi
FNDA:4,_ZNK10Controller15AudioVolumeImpl9getVolumeEv
FNDA:4,_ZN10Controller15AudioVolumeImpl9setVolumeEi
FNDA:15,_ZN10Controller15AudioVolumeImplC2Ev
FNDA:4,_ZNK10Controller15AudioVolumeImpl11volumeToSDLEi
FNF:4
FNH:4
DA:13,15
DA:14,15
DA:15,15
DA:17,4
DA:18,4
DA:19,4
DA:20,4
DA:21,4
DA:23,4
DA:24,8
DA:27,4
DA:28,4
LF:12
LH:12
end_of_record
TN:
SF:/home/quan/QuanNTA1_MockProject/src/controller/audioplayer/AudioVolumeImpl.h
FN:25,_ZN10Controller15AudioVolumeImplD2Ev
FN:25,_ZN10Controller15AudioVolumeImplD0Ev
FNDA:15,_ZN10Controller15AudioVolumeImplD2Ev
FNDA:15,_ZN10Controller15AudioVolumeImplD0Ev
FNF:2
FNH:2
DA:25,30
LF:1
LH:1
end_of_record
TN:
SF:/home/quan/QuanNTA1_MockProject/src/controller/audioplayer/interfaces/IAudioLifecycle.h
FN:41,_ZN10Controller15IAudioLifecycleD0Ev
FN:41,_ZN10Controller15IAudioLifecycleD2Ev
FNDA:0,_ZN10Controller15IAudioLifecycleD0Ev
FNDA:114,_ZN10Controller15IAudioLifecycleD2Ev
FNF:2
FNH:1
DA:41,114
LF:1
LH:1
end_of_record
TN:
SF:/home/quan/QuanNTA1_MockProject/src/controller/audioplayer/interfaces/IAudioLoader.h
FN:23,_ZN10Controller12IAudioLoaderD0Ev
FN:23,_ZN10Controller12IAudioLoaderD2Ev
FNDA:0,_ZN10Controller12IAudioLoaderD0Ev
FNDA:114,_ZN10Controller12IAudioLoaderD2Ev
FNF:2
FNH:1
DA:23,114
LF:1
LH:1
end_of_record
TN:
SF:/home/quan/QuanNTA1_MockProject/src/controller/audioplayer/interfaces/IAudioPlayback.h
FN:24,_ZN10Controller14IAudioPlaybackD0Ev
FN:24,_ZN10Controller14IAudioPlaybackD2Ev
FNDA:114,_ZN10Controller14IAudioPlaybackD2Ev
FNDA:0,_ZN10Controller14IAudioPlaybackD0Ev
FNF:2
FNH:1
[...]
FNDA:5,_ZN5Model13MediaFileInfoC2Ev
FNDA:2,_ZN5Model13MediaFileInfo7setPathERKNSt7__cxx1112basic_stringIcSt11char_traitsIcESaIcEEE
FNDA:146,_ZNK5Model13MediaFileInfo7getPathB5cxx11Ev
FNDA:94,_ZN5Model13MediaFileInfoC2ERKNSt7__cxx1112basic_stringIcSt11char_traitsIcESaIcEEES8_
FNDA:0,_ZNK5Model13MediaFileInfoeqERKS0_
FNDA:16,_ZNK5Model13MediaFileInfo11getFilenameB5cxx11Ev
FNDA:9,_ZNK5Model13MediaFileInfo7isValidEv
FNDA:0,_ZNK5Model13MediaFileInfoneERKS0_
FNF:9
FNH:7
BRDA:17,0,0,5
BRDA:17,0,1,0
BRDA:18,0,0,5
BRDA:18,0,1,0
BRDA:23,0,0,94
BRDA:23,0,1,0
BRDA:23,0,2,94
BRDA:23,0,3,0
BRDA:47,0,0,7
BRDA:47,0,1,2
BRDA:47,0,2,6
BRDA:47,0,3,1
BRF:12
BRH:8
DA:16,5
DA:17,5
DA:18,10
DA:19,5
DA:21,94
DA:22,94
DA:23,94
DA:24,94
DA:30,16
DA:31,16
DA:34,3
DA:35,3
DA:36,3
DA:38,146
DA:39,146
DA:42,2
DA:43,2
DA:44,2
DA:46,9
DA:47,9
DA:54,0
DA:55,0
DA:58,0
DA:59,0
LF:24
LH:20
end_of_record
TN:
SF:/home/quan/QuanNTA1_MockProject/src/model/mediafile/MediaFileInfo.h
FN:43,_ZN5Model13MediaFileInfoC2ERKS0_
FN:48,_ZN5Model13MediaFileInfoC2EOS0_
FN:53,_ZN5Model13MediaFileInfoaSERKS0_
FN:63,_ZN5Model13MediaFileInfoD0Ev
FN:63,_ZN5Model13MediaFileInfoD2Ev
FNDA:1,_ZN5Model13MediaFileInfoC2EOS0_
FNDA:1,_ZN5Model13MediaFileInfoaSERKS0_
FNDA:1,_ZN5Model13MediaFileInfoC2ERKS0_
FNDA:101,_ZN5Model13MediaFileInfoD2Ev
FNDA:0,_ZN5Model13MediaFileInfoD0Ev
FNF:5
FNH:4
BRDA:43,0,0,1
BRDA:43,0,1,0
BRDA:43,0,2,1
BRDA:43,0,3,0
BRF:4
BRH:2
DA:43,1
DA:48,1
DA:53,1
DA:63,101
LF:4
LH:4
end_of_record
TN:
SF:/home/quan/QuanNTA1_MockProject/src/model/mediafile/MediaMetadata.cpp
FN:16,_ZN5Model13MediaMetadataC2Ev
FN:22,_ZN5Model13MediaMetadataC2EjRKNSt7__cxx1112basic_stringIcSt11char_traitsIcESaIcEEES8_
FN:34,_ZNK5Model13MediaMetadata11getDurationEv
FN:38,_ZN5Model13MediaMetadata11setDurationEj
FN:42,_ZNK5Model13MediaMetadata9getArtistB5cxx11Ev
FN:46,_ZN5Model13MediaMetadata9setArtistERKNSt7__cxx1112basic_stringIcSt11char_traitsIcESaIcEEE
FN:50,_ZNK5Model13MediaMetadata8getAlbumB5cxx11Ev
FN:54,_ZN5Model13MediaMetadata8setAlbumERKNSt7__cxx1112basic_stringIcSt11char_traitsIcESaIcEEE
FNDA:94,_ZN5Model13MediaMetadataC2EjRKNSt7__cxx1112basic_stringIcSt11char_traitsIcESaIcEEES8_
FNDA:5,_ZN5Model13MediaMetadataC2Ev
FNDA:1,_ZN5Model13MediaMetadata9setArtistERKNSt7__cxx1112basic_stringIcSt11char_traitsIcESaIcEEE
FNDA:1,_ZN5Model13MediaMetadata8setAlbumERKNSt7__cxx1112basic_stringIcSt11char_traitsIcESaIcEEE
FNDA:9,_ZNK5Model13MediaMetadata8getAlbumB5cxx11Ev
FNDA:8,_ZNK5Model13MediaMetadata11getDurationEv
FNDA:1,_ZN5Model13MediaMetadata11setDurationEj
FNDA:10,_ZNK5Model13MediaMetadata9getArtistB5cxx11Ev
FNF:8
FNH:8
BRDA:18,0,0,5
BRDA:18,0,1,0
BRDA:19,0,0,5
BRDA:19,0,1,0
BRDA:27,0,0,94
BRDA:27,0,1,0
BRDA:27,0,2,94
BRDA:27,0,3,0
BRF:8
BRH:4
DA:16,5
DA:17,5
DA:18,5
DA:19,10
DA:20,5
DA:22,94
DA:24,94
DA:25,94
DA:26,94
DA:27,94
DA:28,94
DA:34,8
DA:35,8
DA:38,1
DA:39,1
DA:40,1
DA:42,10
DA:43,10
DA:46,1
DA:47,1
DA:48,1
DA:50,9
DA:51,9
DA:54,1
DA:55,1
DA:56,1
LF:26
LH:26
end_of_record
TN:
SF:/home/quan/QuanNTA1_MockProject/src/model/mediafile/MediaMetadata.h
FN:48,_ZN5Model13MediaMetadataC2ERKS0_
FN:53,_ZN5Model13MediaMetadataC2EOS0_
FN:58,_ZN5Model13MediaMetadataaSERKS0_
FN:68,_ZN5Model13MediaMetadataD0Ev
FN:68,_ZN5Model13MediaMetadataD2Ev
FNDA:101,_ZN5Model13MediaMetadataD2Ev
FNDA:1,_ZN5Model13MediaMetadataaSERKS0_
FNDA:1,_ZN5Model13MediaMetadataC2ERKS0_
FNDA:1,_ZN5Model13MediaMetadataC2EOS0_
FNDA:0,_ZN5Model13MediaMetadataD0Ev
FNF:5
FNH:4
BRDA:48,0,0,1
BRDA:48,0,1,0
BRDA:48,0,2,1
BRDA:48,0,3,0
BRF:4
BRH:2
DA:48,1
DA:53,1
DA:58,1
DA:68,101
LF:4
LH:4
end_of_record
TN:
SF:/home/quan/QuanNTA1_MockProject/src/model/mediafile/interfaces/ICoverArt.h
FN:26,_ZN5Model9ICoverArtD2Ev
FN:26,_ZN5Model9ICoverArtD0Ev
FNDA:222,_ZN5Model9ICoverArtD2Ev
FNDA:0,_ZN5Model9ICoverArtD0Ev
FNF:2
FNH:1
DA:26,222
LF:1
LH:1
end_of_record
TN:
SF:/home/quan/QuanNTA1_MockProject/src/model/mediafile/interfaces/IMediaFileInfo.h
FN:25,_ZN5Model14IMediaFileInfoD2Ev
FN:25,_ZN5Model14IMediaFileInfoD0Ev
FNDA:202,_ZN5Model14IMediaFileInfoD2Ev
FNDA:0,_ZN5Model14IMediaFileInfoD0Ev
FNF:2
FNH:1
DA:25,202
LF:1
LH:1
end_of_record
TN:
SF:/home/quan/QuanNTA1_MockProject/src/model/mediafile/interfaces/IMediaMetadata.h
FN:26,_ZN5Model14IMediaMetadataD2Ev
FN:26,_ZN5Model14IMediaMetadataD0Ev
FNDA:0,_ZN5Model14IMediaMetadataD0Ev
FNDA:202,_ZN5Model14IMediaMetadataD2Ev
FNF:2
FNH:1
DA:26,202
LF:1
LH:1
end_of_record
TN:
SF:/home/quan/QuanNTA1_MockProject/src/model/playerstate/PlaybackStateImpl.cpp
FN:16,_ZN5Model17PlaybackStateImplC2Ev
FN:20,_ZN5Model17PlaybackStateImplC2ENS_14PlaybackStatusE
FN:28,_ZNK5Model17PlaybackStateImpl17getPlaybackStatusEv
FN:32,_ZN5Model17PlaybackStateImpl17setPlaybackStatusENS_14PlaybackStatusE
FN:36,_ZNK5Model17PlaybackStateImpl9isPlayingEv
FN:40,_ZN5Model17PlaybackStateImpl15togglePlayPauseEv
FN:58,_ZN5Model17PlaybackStateImpl5resetEv
FNDA:0,_ZN5Model17PlaybackStateImplC2ENS_14PlaybackStatusE
FNDA:1,_ZN5Model17PlaybackStateImpl5resetEv
FNDA:6,_ZNK5Model17PlaybackStateImpl9isPlayingEv
FNDA:2503,_ZN5Model17PlaybackStateImpl15togglePlayPauseEv
FNDA:100,_ZN5Model17PlaybackStateImplC2Ev
FNDA:70,_ZN5Model17PlaybackStateImpl17setPlaybackStatusENS_14PlaybackStatusE
FNDA:51,_ZNK5Model17PlaybackStateImpl17getPlaybackStatusEv
FNF:7
FNH:6
BRDA:44,0,0,1251
BRDA:44,0,1,1252
BRF:2
BRH:2
DA:16,100
DA:17,100
DA:18,100
DA:20,0
DA:21,0
DA:22,0
DA:28,51
DA:29,51
DA:32,70
DA:33,70
DA:34,70
DA:36,6
DA:37,6
DA:40,2503
DA:41,2503
DA:44,2503
DA:45,1251
DA:47,1252
DA:50,2503
DA:51,2503
DA:58,1
DA:59,1
DA:60,1
LF:23
LH:20
end_of_record
TN:
SF:/home/quan/QuanNTA1_MockProject/src/model/playerstate/PlaybackStateImpl.h
FN:41,_ZN5Model17PlaybackStateImplD0Ev
FN:41,_ZN5Model17PlaybackStateImplD2Ev
FNDA:100,_ZN5Model17PlaybackStateImplD2Ev
FNDA:0,_ZN5Model17PlaybackStateImplD0Ev
FNF:2
FNH:1
DA:41,100
LF:1
LH:1
end_of_record
TN:
SF:/home/quan/QuanNTA1_MockProject/src/model/playerstate/PlaylistNavigationImpl.cpp
FN:16,_ZN5Model22PlaylistNavigationImplC2Ev
FN:22,_ZN5Model22PlaylistNavigationImplC2EiNS_10RepeatModeEb
FN:34,_ZNK5Model22PlaylistNavigationImpl20getCurrentTrackIndexEv
FN:38,_ZN5Model22PlaylistNavigationImpl20setCurrentTrackIndexEi
FN:42,_ZNK5Model22PlaylistNavigationImpl13getRepeatModeEv
FN:46,_ZN5Model22PlaylistNavigationImpl13setRepeatModeENS_10RepeatModeE
FN:50,_ZN5Model22PlaylistNavigationImpl15cycleRepeatModeEv
FN:71,_ZNK5Model22PlaylistNavigationImpl16isShuffleEnabledEv
FN:75,_ZN5Model22PlaylistNavigationImpl17setShuffleEnabledEb
FN:79,_ZN5Model22PlaylistNavigationImpl13toggleShuffleEv
FN:89,_ZN5Model22PlaylistNavigationImpl5resetEv
FNDA:67,_ZN5Model22PlaylistNavigationImpl20setCurrentTrackIndexEi
FNDA:3,_ZN5Model22PlaylistNavigationImpl17setShuffleEnabledEb
FNDA:100,_ZN5Model22PlaylistNavigationImplC2Ev
FNDA:501,_ZN5Model22PlaylistNavigationImpl13toggleShuffleEv
FNDA:16,_ZNK5Model22PlaylistNavigationImpl20getCurrentTrackIndexEv
FNDA:12,_ZNK5Model22PlaylistNavigationImpl13getRepeatModeEv
FNDA:1,_ZN5Model22PlaylistNavigationImpl5resetEv
FNDA:503,_ZN5Model22PlaylistNavigationImpl15cycleRepeatModeEv
FNDA:0,_ZN5Model22PlaylistNavigationImplC2EiNS_10RepeatModeEb
FNDA:12,_ZNK5Model22PlaylistNavigationImpl16isShuffleEnabledEv
FNDA:5,_ZN5Model22PlaylistNavigationImpl13setRepeatModeENS_10RepeatModeE
FNF:11
FNH:10
BRDA:54,0,0,168
BRDA:54,0,1,168
BRDA:54,0,2,167
BRF:3
BRH:3
DA:16,100
DA:17,100
DA:18,100
DA:19,200
DA:20,100
DA:22,0
DA:24,0
DA:25,0
DA:26,0
DA:27,0
DA:28,0
DA:34,16
DA:35,32
DA:38,67
DA:39,67
DA:40,67
DA:42,12
DA:43,12
DA:46,5
DA:47,5
DA:48,5
DA:50,503
DA:51,503
DA:54,503
DA:55,168
DA:56,168
DA:57,168
DA:58,168
DA:59,168
DA:60,168
DA:61,167
DA:63,167
DA:64,167
DA:67,503
DA:68,503
DA:71,12
DA:72,12
DA:75,3
DA:76,3
DA:77,3
DA:79,501
DA:80,501
DA:81,501
DA:82,501
DA:89,1
DA:90,1
DA:91,1
DA:92,1
DA:93,1
LF:49
LH:43
end_of_record
TN:
SF:/home/quan/QuanNTA1_MockProject/src/model/playerstate/PlaylistNavigationImpl.h
FN:47,_ZN5Model22PlaylistNavigationImplD0Ev
FN:47,_ZN5Model22PlaylistNavigationImplD2Ev
FNDA:0,_ZN5Model22PlaylistNavigationImplD0Ev
FNDA:100,_ZN5Model22PlaylistNavigationImplD2Ev
FNF:2
FNH:1
DA:47,100
LF:1
LH:1
end_of_record
TN:
SF:/home/quan/QuanNTA1_MockProject/src/model/playerstate/TrackPositionImpl.cpp
FN:16,_ZN5Model17TrackPositionImplC2Ev
FN:21,_ZN5Model17TrackPositionImplC2Ej
FN:30,_ZNK5Model17TrackPositionImpl18getCurrentPositionEv
FN:34,_ZN5Model17TrackPositionImpl18setCurrentPositionEj
FN:38,_ZNK5Model17TrackPositionImpl18getPlaybackVersionEv
FN:42,_ZN5Model17TrackPositionImpl24incrementPlaybackVersionEv
FN:50,_ZN5Model17TrackPositionImpl5resetEv
FNDA:3,_ZN5Model17TrackPositionImplC2Ej
FNDA:2092,_ZN5Model17TrackPositionImpl24incrementPlaybackVersionEv
FNDA:122,_ZN5Model17TrackPositionImplC2Ev
FNDA:5,_ZN5Model17TrackPositionImpl5resetEv
FNDA:113,_ZNK5Model17TrackPositionImpl18getPlaybackVersionEv
FNDA:1711,_ZN5Model17TrackPositionImpl18setCurrentPositionEj
FNDA:218,_ZNK5Model17TrackPositionImpl18getCurrentPositionEv
FNF:7
FNH:7
DA:16,122
DA:17,122
DA:18,122
DA:19,122
DA:21,3
DA:22,3
DA:23,3
DA:24,3
DA:30,218
DA:31,436
DA:34,1711
DA:35,1711
DA:36,1711
DA:38,113
DA:39,226
DA:42,2092
DA:43,2092
DA:44,2092
DA:50,5
DA:51,5
DA:52,5
DA:53,5
LF:22
LH:22
end_of_record
TN:
SF:/home/quan/QuanNTA1_MockProject/src/model/playerstate/TrackPositionImpl.h
FN:43,_ZN5Model17TrackPositionImplD2Ev
FN:43,_ZN5Model17TrackPositionImplD0Ev
FNDA:0,_ZN5Model17TrackPositionImplD0Ev
FNDA:125,_ZN5Model17TrackPositionImplD2Ev
FNF:2
FNH:1
DA:43,125
LF:1
LH:1
end_of_record
TN:
SF:/home/quan/QuanNTA1_MockProject/src/model/playerstate/VolumeStateImpl.cpp
FN:17,_ZN5Model15VolumeStateImplC2Ev
FN:22,_ZN5Model15VolumeStateImplC2Eib
FN:31,_ZNK5Model15VolumeStateImpl11clampVolumeEi
FN:39,_ZNK5Model15VolumeStateImpl9getVolumeEv
FN:43,_ZN5Model15VolumeStateImpl9setVolumeEi
FN:47,_ZNK5Model15VolumeStateImpl7isMutedEv
FN:51,_ZN5Model15VolumeStateImpl8setMutedEb
FN:55,_ZN5Model15VolumeStateImpl10toggleMuteEv
FN:65,_ZN5Model15VolumeStateImpl5resetEv
FNDA:3,_ZN5Model15VolumeStateImplC2Eib
FNDA:4036,_ZNK5Model15VolumeStateImpl9getVolumeEv
FNDA:15,_ZN5Model15VolumeStateImpl8setMutedEb
FNDA:105,_ZNK5Model15VolumeStateImpl7isMutedEv
FNDA:123,_ZN5Model15VolumeStateImplC2Ev
FNDA:1,_ZN5Model15VolumeStateImpl5resetEv
FNDA:1007,_ZN5Model15VolumeStateImpl10toggleMuteEv
FNDA:13723,_ZN5Model15VolumeStateImpl9setVolumeEi
FNDA:13731,_ZNK5Model15VolumeStateImpl11clampVolumeEi
FNF:9
FNH:9
BRDA:24,0,0,3
BRDA:24,0,1,0
BRF:2
BRH:1
DA:17,123
DA:18,123
DA:19,123
DA:20,123
DA:22,3
DA:23,3
DA:24,6
DA:25,3
DA:31,13731
DA:32,13731
DA:39,4036
DA:40,8063
DA:43,13723
DA:44,13723
DA:45,13818
DA:47,105
DA:48,105
DA:51,15
DA:52,15
DA:53,15
DA:55,1007
DA:56,1007
DA:57,1007
DA:58,1007
DA:65,1
DA:66,1
DA:67,1
DA:68,1
LF:28
LH:28
end_of_record
TN:
SF:/home/quan/QuanNTA1_MockProject/src/model/playerstate/VolumeStateImpl.h
FN:51,_ZN5Model15VolumeStateImplD2Ev
FN:51,_ZN5Model15VolumeStateImplD0Ev
FNDA:0,_ZN5Model15VolumeStateImplD0Ev
FNDA:126,_ZN5Model15VolumeStateImplD2Ev
FNF:2
FNH:1
DA:51,126
LF:1
LH:1
end_of_record
TN:
SF:/home/quan/QuanNTA1_MockProject/src/model/playerstate/interfaces/IPlaybackState.h
FN:32,_ZN5Model14IPlaybackStateD2Ev
FN:32,_ZN5Model14IPlaybackStateD0Ev
FNDA:200,_ZN5Model14IPlaybackStateD2Ev
FNDA:0,_ZN5Model14IPlaybackStateD0Ev
FNF:2
FNH:1
DA:32,200
LF:1
LH:1
end_of_record
TN:
SF:/home/quan/QuanNTA1_MockProject/src/model/playerstate/interfaces/IPlaylistNavigation.h
FN:32,_ZN5Model19IPlaylistNavigationD0Ev
FN:32,_ZN5Model19IPlaylistNavigationD2Ev
FNDA:200,_ZN5Model19IPlaylistNavigationD2Ev
FNDA:0,_ZN5Model19IPlaylistNavigationD0Ev
FNF:2
FNH:1
DA:32,200
LF:1
LH:1
end_of_record
TN:
SF:/home/quan/QuanNTA1_MockProject/src/model/playerstate/interfaces/ITrackPosition.h
FN:25,_ZN5Model14ITrackPositionD0Ev
FN:25,_ZN5Model14ITrackPositionD2Ev
FNDA:225,_ZN5Model14ITrackPositionD2Ev
FNDA:0,_ZN5Model14ITrackPositionD0Ev
FNF:2
FNH:1
DA:25,225
LF:1
LH:1
end_of_record
TN:
SF:/home/quan/QuanNTA1_MockProject/src/model/playerstate/interfaces/IVolumeState.h
FN:23,_ZN5Model12IVolumeStateD0Ev
FN:23,_ZN5Model12IVolumeStateD2Ev
FNDA:0,_ZN5Model12IVolumeStateD0Ev
FNDA:226,_ZN5Model12IVolumeStateD2Ev
FNF:2
FNH:1
DA:23,226
LF:1
LH:1
end_of_record
TN:
SF:/home/quan/QuanNTA1_MockProject/src/utils/Buffer.cpp
FN:8,_ZN5Utils6BufferC2Em
FN:14,_ZN5Utils6Buffer5writeEPKhm
FN:39,_ZN5Utils6Buffer4readEPhm
FN:60,_ZNK5Utils6Buffer9availableEv
FN:66,_ZNK5Utils6Buffer8capacityEv
FN:72,_ZN5Utils6Buffer5clearEv
FN:80,_ZNK5Utils6Buffer20getAvailableInternalEv
FN:90,_ZNK5Utils6Buffer14isFullInternalEv
FN:94,_ZNK5Utils6Buffer15isEmptyInternalEv
FNDA:0,_ZNK5Utils6Buffer15isEmptyInternalEv
FNDA:126,_ZN5Utils6Buffer5writeEPKhm
FNDA:236,_ZN5Utils6Buffer4readEPhm
FNDA:10,_ZN5Utils6BufferC2Em
FNDA:399,_ZNK5Utils6Buffer20getAvailableInternalEv
FNDA:0,_ZNK5Utils6Buffer14isFullInternalEv
FNDA:1,_ZN5Utils6Buffer5clearEv
FNDA:1,_ZNK5Utils6Buffer8capacityEv
FNDA:37,_ZNK5Utils6Buffer9availableEv
FNF:9
FNH:7
BRDA:9,0,0,10
BRDA:9,0,1,0
BRDA:15,0,0,126
BRDA:15,0,1,0
BRDA:20,0,0,14
BRDA:20,0,1,112
BRDA:24,0,0,75588
BRDA:24,0,1,112
BRDA:30,0,0,4
BRDA:30,0,1,108
BRDA:30,0,2,4
BRDA:30,0,3,0
BRDA:40,0,0,236
BRDA:40,0,1,0
BRDA:45,0,0,128
BRDA:45,0,1,108
BRDA:49,0,0,75568
BRDA:49,0,1,108
BRDA:61,0,0,37
BRDA:61,0,1,0
BRDA:67,0,0,1
BRDA:67,0,1,0
BRDA:73,0,0,1
BRDA:73,0,1,0
BRDA:81,0,0,19
BRDA:81,0,1,380
BRDA:84,0,0,314
BRDA:84,0,1,66
BRDA:95,0,0,-
BRDA:95,0,1,-
BRDA:95,0,2,-
BRDA:95,0,3,-
BRF:32
BRH:21
DA:8,10
DA:9,10
DA:10,10
DA:14,126
DA:15,126
DA:17,126
DA:18,126
DA:20,126
DA:21,14
DA:24,75700
DA:25,75588
DA:26,75588
DA:30,112
DA:31,4
DA:34,112
DA:35,126
DA:39,236
DA:40,236
DA:42,236
DA:43,236
DA:45,236
DA:46,128
DA:49,75676
DA:50,75568
DA:51,75568
DA:54,108
DA:56,108
DA:57,236
DA:60,37
DA:61,37
DA:62,74
DA:63,37
DA:66,1
DA:67,1
DA:68,1
DA:69,1
DA:72,1
DA:73,1
DA:74,1
DA:75,1
DA:76,1
DA:77,1
DA:80,399
DA:81,399
DA:82,19
DA:84,380
DA:85,314
DA:87,66
DA:90,0
DA:91,0
DA:94,0
DA:95,0
LF:52
LH:48
end_of_record
TN:
SF:/home/quan/QuanNTA1_MockProject/src/utils/Buffer.h
FN:40,_ZN5Utils6BufferD0Ev
FN:40,_ZN5Utils6BufferD2Ev
FNDA:10,_ZN5Utils6BufferD2Ev
FNDA:0,_ZN5Utils6BufferD0Ev
FNF:2
FNH:1
DA:40,10
LF:1
LH:1
end_of_record
TN:
SF:/home/quan/QuanNTA1_MockProject/src/utils/IBuffer.h
FN:19,_ZN5Utils7IBufferD2Ev
FN:19,_ZN5Utils7IBufferD0Ev
FNDA:0,_ZN5Utils7IBufferD0Ev
FNDA:10,_ZN5Utils7IBufferD2Ev
FNF:2
FNH:1
DA:19,10
LF:1
LH:1
end_of_record
TN:
SF:/home/quan/QuanNTA1_MockProject/src/utils/ILogger.h
FN:34,_ZN5Utils7ILoggerD0Ev
FN:34,_ZN5Utils7ILoggerD2Ev
FNDA:0,_ZN5Utils7ILoggerD0Ev
FNDA:1,_ZN5Utils7ILoggerD2Ev
FNF:2
FNH:1
DA:34,1
LF:1
LH:1
end_of_record
TN:
SF:/home/quan/QuanNTA1_MockProject/src/utils/IThreadSafeQueue.h
FN:16,_ZN5Utils16IThreadSafeQueueINSt7__cxx1112basic_stringIcSt11char_traitsIcESaIcEEEED0Ev
FN:16,_ZN5Utils16IThreadSafeQueueIiED2Ev
FN:16,_ZN5Utils16IThreadSafeQueueINSt7__cxx1112basic_stringIcSt11char_traitsIcESaIcEEEED2Ev
FN:16,_ZN5Utils16IThreadSafeQueueIiED0Ev
FNDA:0,_ZN5Utils16IThreadSafeQueueIiED0Ev
FNDA:1,_ZN5Utils16IThreadSafeQueueINSt7__cxx1112basic_stringIcSt11char_traitsIcESaIcEEEED2Ev
FNDA:2,_ZN5Utils16IThreadSafeQueueIiED2Ev
FNDA:0,_ZN5Utils16IThreadSafeQueueINSt7__cxx1112basic_stringIcSt11char_traitsIcESaIcEEEED0Ev
FNF:4
FNH:2
DA:16,3
LF:1
LH:1
end_of_record
TN:
SF:/home/quan/QuanNTA1_MockProject/src/utils/Logger.cpp
FN:19,_ZN5Utils6LoggerC2Ev
FN:21,_ZNK5Utils6Logger12getTimestampB5cxx11Ev
FN:29,_ZNK5Utils6Logger12getLevelNameENS_8LogLevelE
FN:43,_ZN5Utils6Logger11getInstanceEv
FN:48,_ZN5Utils6Logger8setLevelENS_8LogLevelE
FN:53,_ZNK5Utils6Logger8getLevelEv
FN:58,_ZN5Utils6Logger3logENS_8LogLevelERKNSt7__cxx1112basic_stringIcSt11char_traitsIcESaIcEEE
FNDA:54,_ZN5Utils6Logger11getInstanceEv
FNDA:550,_ZNK5Utils6Logger12getLevelNameENS_8LogLevelE
FNDA:550,_ZNK5Utils6Logger12getTimestampB5cxx11Ev
FNDA:582,_ZN5Utils6Logger3logENS_8LogLevelERKNSt7__cxx1112basic_stringIcSt11char_traitsIcESaIcEEE
FNDA:5,_ZNK5Utils6Logger8getLevelEv
FNDA:1,_ZN5Utils6LoggerC2Ev
FNDA:21477,_ZN5Utils6Logger8setLevelENS_8LogLevelE
FNF:7
FNH:7
BRDA:24,0,0,550
BRDA:24,0,1,0
BRDA:25,0,0,550
BRDA:25,0,1,0
BRDA:26,0,0,550
BRDA:26,0,1,0
BRDA:30,0,0,1
BRDA:30,0,1,546
BRDA:30,0,2,1
BRDA:30,0,3,2
BRDA:30,0,4,0
BRDA:44,0,0,1
BRDA:44,0,1,53
BRDA:44,0,2,1
BRDA:44,0,3,0
BRDA:49,0,0,21477
BRDA:49,0,1,0
BRDA:54,0,0,5
BRDA:54,0,1,0
BRDA:59,0,0,582
BRDA:59,0,1,0
BRDA:61,0,0,32
BRDA:61,0,1,550
BRDA:65,0,0,2
BRDA:65,0,1,548
BRDA:68,0,0,550
BRDA:68,0,1,0
BRDA:68,0,2,550
BRDA:68,0,3,0
BRDA:68,0,4,550
BRDA:68,0,5,0
BRDA:68,0,6,550
BRDA:68,0,7,0
BRDA:68,0,8,550
BRDA:68,0,9,0
BRDA:68,0,10,550
BRDA:68,0,11,0
BRDA:68,0,12,550
BRDA:68,0,13,0
BRDA:68,0,14,550
BRDA:68,0,15,0
BRDA:68,0,16,550
BRDA:68,0,17,0
BRDA:69,0,0,550
BRDA:69,0,1,32
BRF:45
BRH:28
DA:19,1
DA:21,550
DA:22,550
DA:23,550
DA:24,550
DA:25,550
DA:26,1100
DA:27,550
DA:29,550
DA:30,550
DA:31,1
DA:32,546
DA:33,1
DA:34,2
DA:35,0
DA:43,54
DA:44,54
DA:45,54
DA:48,21477
DA:49,21477
DA:50,21477
DA:51,21477
DA:53,5
DA:54,5
DA:55,5
DA:56,5
DA:58,582
DA:59,582
DA:61,582
DA:62,32
DA:65,550
DA:66,550
DA:68,550
DA:69,582
LF:34
LH:33
end_of_record
TN:
SF:/home/quan/QuanNTA1_MockProject/src/utils/ThreadSafeQueue.h
FN:25,_ZN5Utils15ThreadSafeQueueIiEC2Ev
FN:25,_ZN5Utils15ThreadSafeQueueINSt7__cxx1112basic_stringIcSt11char_traitsIcESaIcEEEEC2Ev
FN:26,_ZN5Utils15ThreadSafeQueueINSt7__cxx1112basic_stringIcSt11char_traitsIcESaIcEEEED2Ev
FN:26,_ZN5Utils15ThreadSafeQueueIiED2Ev
FN:26,_ZN5Utils15ThreadSafeQueueINSt7__cxx1112basic_stringIcSt11char_traitsIcESaIcEEEED0Ev
FN:26,_ZN5Utils15ThreadSafeQueueIiED0Ev
FN:36,_ZN5Utils15ThreadSafeQueueINSt7__cxx1112basic_stringIcSt11char_traitsIcESaIcEEEE4pushERKS6_
FN:36,_ZN5Utils15ThreadSafeQueueIiE4pushERKi
FN:46,_ZN5Utils15ThreadSafeQueueIiE6tryPopERi
FN:46,_ZN5Utils15ThreadSafeQueueINSt7__cxx1112basic_stringIcSt11char_traitsIcESaIcEEEE6tryPopERS6_
FN:61,_ZN5Utils15ThreadSafeQueueIiE10waitAndPopERi
FN:61,_ZN5Utils15ThreadSafeQueueINSt7__cxx1112basic_stringIcSt11char_traitsIcESaIcEEEE10waitAndPopERS6_
FN:66,_ZZN5Utils15ThreadSafeQueueIiE10waitAndPopERiENKUlvE_clEv
FN:66,_ZZN5Utils15ThreadSafeQueueINSt7__cxx1112basic_stringIcSt11char_traitsIcESaIcEEEE10waitAndPopERS6_ENKUlvE_clEv
FN:75,_ZNK5Utils15ThreadSafeQueueINSt7__cxx1112basic_stringIcSt11char_traitsIcESaIcEEEE5emptyEv
FN:75,_ZNK5Utils15ThreadSafeQueueIiE5emptyEv
FNDA:0,_ZNK5Utils15ThreadSafeQueueINSt7__cxx1112basic_stringIcSt11char_traitsIcESaIcEEEE5emptyEv
FNDA:1000,_ZN5Utils15ThreadSafeQueueIiE10waitAndPopERi
FNDA:1002,_ZN5Utils15ThreadSafeQueueIiE4pushERKi
FNDA:1,_ZN5Utils15ThreadSafeQueueINSt7__cxx1112basic_stringIcSt11char_traitsIcESaIcEEEE10waitAndPopERS6_
FNDA:1003,_ZNK5Utils15ThreadSafeQueueIiE5emptyEv
FNDA:0,_ZN5Utils15ThreadSafeQueueIiED0Ev
FNDA:0,_ZN5Utils15ThreadSafeQueueINSt7__cxx1112basic_stringIcSt11char_traitsIcESaIcEEEE6tryPopERS6_
FNDA:0,_ZN5Utils15ThreadSafeQueueINSt7__cxx1112basic_stringIcSt11char_traitsIcESaIcEEEED0Ev
FNDA:1,_ZN5Utils15ThreadSafeQueueINSt7__cxx1112basic_stringIcSt11char_traitsIcESaIcEEEEC2Ev
FNDA:2,_ZN5Utils15ThreadSafeQueueIiED2Ev
FNDA:2,_ZZN5Utils15ThreadSafeQueueINSt7__cxx1112basic_stringIcSt11char_traitsIcESaIcEEEE10waitAndPopERS6_ENKUlvE_clEv
FNDA:3,_ZN5Utils15ThreadSafeQueueIiE6tryPopERi
FNDA:1,_ZN5Utils15ThreadSafeQueueINSt7__cxx1112basic_stringIcSt11char_traitsIcESaIcEEEE4pushERKS6_
FNDA:1,_ZN5Utils15ThreadSafeQueueINSt7__cxx1112basic_stringIcSt11char_traitsIcESaIcEEEED2Ev
FNDA:1000,_ZZN5Utils15ThreadSafeQueueIiE10waitAndPopERiENKUlvE_clEv
FNDA:2,_ZN5Utils15ThreadSafeQueueIiEC2Ev
FNF:16
FNH:12
BRDA:25,0,0,3
BRDA:25,0,1,0
BRDA:37,0,0,1003
BRDA:37,0,1,0
BRDA:38,0,0,1003
BRDA:38,0,1,0
BRDA:47,0,0,3
BRDA:47,0,1,0
BRDA:48,0,0,1
BRDA:48,0,1,2
BRDA:62,0,0,1001
BRDA:62,0,1,0
BRDA:66,0,0,1001
BRDA:66,0,1,0
BRDA:76,0,0,1003
BRDA:76,0,1,0
BRF:16
BRH:9
DA:25,3
DA:26,3
DA:36,1003
DA:37,1003
DA:38,1003
DA:39,1003
DA:40,1003
DA:46,3
DA:47,3
DA:48,3
DA:49,1
DA:52,2
DA:53,2
DA:54,2
DA:55,3
DA:61,1001
DA:62,1001
DA:66,2003
DA:68,1001
DA:69,1001
DA:70,1001
DA:75,1003
DA:76,1003
DA:77,2006
DA:78,1003
LF:25
LH:25
end_of_record
